{"meta": {"format": 3, "version": "7.11.3", "timestamp": "2025-11-17T03:35:06.498545", "branch_coverage": false, "show_contexts": false}, "files": {"backend/__init__.py": {"executed_lines": [0], "summary": {"covered_lines": 0, "num_statements": 0, "percent_covered": 100.0, "percent_covered_display": "100", "missing_lines": 0, "excluded_lines": 0}, "missing_lines": [], "excluded_lines": [], "functions": {"": {"executed_lines": [], "summary": {"covered_lines": 0, "num_statements": 0, "percent_covered": 100.0, "percent_covered_display": "100", "missing_lines": 0, "excluded_lines": 0}, "missing_lines": [], "excluded_lines": []}}, "classes": {"": {"executed_lines": [], "summary": {"covered_lines": 0, "num_statements": 0, "percent_covered": 100.0, "percent_covered_display": "100", "missing_lines": 0, "excluded_lines": 0}, "missing_lines": [], "excluded_lines": []}}}, "backend/api/__init__.py": {"executed_lines": [1], "summary": {"covered_lines": 0, "num_statements": 0, "percent_covered": 100.0, "percent_covered_display": "100", "missing_lines": 0, "excluded_lines": 0}, "missing_lines": [], "excluded_lines": [], "functions": {"": {"executed_lines": [1], "summary": {"covered_lines": 0, "num_statements": 0, "percent_covered": 100.0, "percent_covered_display": "100", "missing_lines": 0, "excluded_lines": 0}, "missing_lines": [], "excluded_lines": []}}, "classes": {"": {"executed_lines": [1], "summary": {"covered_lines": 0, "num_statements": 0, "percent_covered": 100.0, "percent_covered_display": "100", "missing_lines": 0, "excluded_lines": 0}, "missing_lines": [], "excluded_lines": []}}}, "backend/api/v1/__init__.py": {"executed_lines": [1, 4, 6], "summary": {"covered_lines": 2, "num_statements": 2, "percent_covered": 100.0, "percent_covered_display": "100", "missing_lines": 0, "excluded_lines": 0}, "missing_lines": [], "excluded_lines": [], "functions": {"": {"executed_lines": [1, 4, 6], "summary": {"covered_lines": 2, "num_statements": 2, "percent_covered": 100.0, "percent_covered_display": "100", "missing_lines": 0, "excluded_lines": 0}, "missing_lines": [], "excluded_lines": []}}, "classes": {"": {"executed_lines": [1, 4, 6], "summary": {"covered_lines": 2, "num_statements": 2, "percent_covered": 100.0, "percent_covered_display": "100", "missing_lines": 0, "excluded_lines": 0}, "missing_lines": [], "excluded_lines": []}}}, "backend/api/v1/admin_feedback.py": {"executed_lines": [1, 6, 7, 8, 9, 10, 15, 17, 19, 21, 22, 78, 79, 120, 121, 155, 156], "summary": {"covered_lines": 16, "num_statements": 78, "percent_covered": 20.512820512820515, "percent_covered_display": "21", "missing_lines": 62, "excluded_lines": 0}, "missing_lines": [28, 29, 30, 33, 34, 35, 37, 38, 39, 40, 41, 43, 44, 45, 48, 49, 50, 52, 53, 54, 55, 56, 58, 59, 60, 62, 74, 75, 76, 85, 86, 89, 92, 95, 98, 101, 104, 105, 107, 116, 117, 118, 127, 128, 131, 134, 137, 140, 141, 143, 151, 152, 153, 162, 163, 166, 169, 172, 174, 180, 181, 182], "excluded_lines": [], "functions": {"get_feedback_analytics_summary": {"executed_lines": [], "summary": {"covered_lines": 0, "num_statements": 29, "percent_covered": 0.0, "percent_covered_display": "0", "missing_lines": 29, "excluded_lines": 0}, "missing_lines": [28, 29, 30, 33, 34, 35, 37, 38, 39, 40, 41, 43, 44, 45, 48, 49, 50, 52, 53, 54, 55, 56, 58, 59, 60, 62, 74, 75, 76], "excluded_lines": []}, "get_practice_card_feedback_analysis": {"executed_lines": [], "summary": {"covered_lines": 0, "num_statements": 13, "percent_covered": 0.0, "percent_covered_display": "0", "missing_lines": 13, "excluded_lines": 0}, "missing_lines": [85, 86, 89, 92, 95, 98, 101, 104, 105, 107, 116, 117, 118], "excluded_lines": []}, "get_symptom_feedback_analysis": {"executed_lines": [], "summary": {"covered_lines": 0, "num_statements": 11, "percent_covered": 0.0, "percent_covered_display": "0", "missing_lines": 11, "excluded_lines": 0}, "missing_lines": [127, 128, 131, 134, 137, 140, 141, 143, 151, 152, 153], "excluded_lines": []}, "get_user_preference_analysis": {"executed_lines": [], "summary": {"covered_lines": 0, "num_statements": 9, "percent_covered": 0.0, "percent_covered_display": "0", "missing_lines": 9, "excluded_lines": 0}, "missing_lines": [162, 163, 166, 169, 172, 174, 180, 181, 182], "excluded_lines": []}, "": {"executed_lines": [1, 6, 7, 8, 9, 10, 15, 17, 19, 21, 22, 78, 79, 120, 121, 155, 156], "summary": {"covered_lines": 16, "num_statements": 16, "percent_covered": 100.0, "percent_covered_display": "100", "missing_lines": 0, "excluded_lines": 0}, "missing_lines": [], "excluded_lines": []}}, "classes": {"": {"executed_lines": [1, 6, 7, 8, 9, 10, 15, 17, 19, 21, 22, 78, 79, 120, 121, 155, 156], "summary": {"covered_lines": 16, "num_statements": 78, "percent_covered": 20.512820512820515, "percent_covered_display": "21", "missing_lines": 62, "excluded_lines": 0}, "missing_lines": [28, 29, 30, 33, 34, 35, 37, 38, 39, 40, 41, 43, 44, 45, 48, 49, 50, 52, 53, 54, 55, 56, 58, 59, 60, 62, 74, 75, 76, 85, 86, 89, 92, 95, 98, 101, 104, 105, 107, 116, 117, 118, 127, 128, 131, 134, 137, 140, 141, 143, 151, 152, 153, 162, 163, 166, 169, 172, 174, 180, 181, 182], "excluded_lines": []}}}, "backend/api/v1/admin_mappings.py": {"executed_lines": [1, 6, 7, 8, 9, 10, 11, 13, 14, 17, 18, 44, 45, 66, 67, 69, 70, 71, 74, 75, 76, 77, 79], "summary": {"covered_lines": 22, "num_statements": 43, "percent_covered": 51.16279069767442, "percent_covered_display": "51", "missing_lines": 21, "excluded_lines": 0}, "missing_lines": [23, 24, 25, 31, 39, 40, 41, 51, 52, 53, 55, 56, 58, 59, 60, 61, 62, 63, 99, 100, 101], "excluded_lines": [], "functions": {"create_mapping": {"executed_lines": [], "summary": {"covered_lines": 0, "num_statements": 7, "percent_covered": 0.0, "percent_covered_display": "0", "missing_lines": 7, "excluded_lines": 0}, "missing_lines": [23, 24, 25, 31, 39, 40, 41], "excluded_lines": []}, "delete_mapping": {"executed_lines": [], "summary": {"covered_lines": 0, "num_statements": 11, "percent_covered": 0.0, "percent_covered_display": "0", "missing_lines": 11, "excluded_lines": 0}, "missing_lines": [51, 52, 53, 55, 56, 58, 59, 60, 61, 62, 63], "excluded_lines": []}, "get_symptom_practice_cards": {"executed_lines": [69, 70, 71, 74, 75, 76, 77, 79], "summary": {"covered_lines": 8, "num_statements": 11, "percent_covered": 72.72727272727273, "percent_covered_display": "73", "missing_lines": 3, "excluded_lines": 0}, "missing_lines": [99, 100, 101], "excluded_lines": []}, "": {"executed_lines": [1, 6, 7, 8, 9, 10, 11, 13, 14, 17, 18, 44, 45, 66, 67], "summary": {"covered_lines": 14, "num_statements": 14, "percent_covered": 100.0, "percent_covered_display": "100", "missing_lines": 0, "excluded_lines": 0}, "missing_lines": [], "excluded_lines": []}}, "classes": {"": {"executed_lines": [1, 6, 7, 8, 9, 10, 11, 13, 14, 17, 18, 44, 45, 66, 67, 69, 70, 71, 74, 75, 76, 77, 79], "summary": {"covered_lines": 22, "num_statements": 43, "percent_covered": 51.16279069767442, "percent_covered_display": "51", "missing_lines": 21, "excluded_lines": 0}, "missing_lines": [23, 24, 25, 31, 39, 40, 41, 51, 52, 53, 55, 56, 58, 59, 60, 61, 62, 63, 99, 100, 101], "excluded_lines": []}}}, "backend/api/v1/admin_practice_cards.py": {"executed_lines": [1, 6, 7, 8, 9, 10, 11, 12, 14, 15, 18, 19, 24, 25, 26, 37, 39, 59, 60, 62, 63, 64, 66, 90, 91, 93, 94, 95, 97, 98, 100, 115, 116, 122, 123, 129, 130, 131, 136, 139, 161, 162, 164, 165, 166, 168, 171], "summary": {"covered_lines": 46, "num_statements": 67, "percent_covered": 68.65671641791045, "percent_covered_display": "69", "missing_lines": 21, "excluded_lines": 0}, "missing_lines": [54, 55, 56, 85, 86, 87, 117, 118, 119, 137, 154, 155, 156, 157, 158, 169, 172, 173, 174, 175, 176], "excluded_lines": [], "functions": {"create_practice_card": {"executed_lines": [24, 25, 26, 37, 39], "summary": {"covered_lines": 5, "num_statements": 8, "percent_covered": 62.5, "percent_covered_display": "62", "missing_lines": 3, "excluded_lines": 0}, "missing_lines": [54, 55, 56], "excluded_lines": []}, "get_all_practice_cards": {"executed_lines": [62, 63, 64, 66], "summary": {"covered_lines": 4, "num_statements": 7, "percent_covered": 57.142857142857146, "percent_covered_display": "57", "missing_lines": 3, "excluded_lines": 0}, "missing_lines": [85, 86, 87], "excluded_lines": []}, "get_practice_card": {"executed_lines": [93, 94, 95, 97, 98, 100, 115, 116], "summary": {"covered_lines": 8, "num_statements": 11, "percent_covered": 72.72727272727273, "percent_covered_display": "73", "missing_lines": 3, "excluded_lines": 0}, "missing_lines": [117, 118, 119], "excluded_lines": []}, "update_practice_card": {"executed_lines": [129, 130, 131, 136, 139], "summary": {"covered_lines": 5, "num_statements": 11, "percent_covered": 45.45454545454545, "percent_covered_display": "45", "missing_lines": 6, "excluded_lines": 0}, "missing_lines": [137, 154, 155, 156, 157, 158], "excluded_lines": []}, "delete_practice_card": {"executed_lines": [164, 165, 166, 168, 171], "summary": {"covered_lines": 5, "num_statements": 11, "percent_covered": 45.45454545454545, "percent_covered_display": "45", "missing_lines": 6, "excluded_lines": 0}, "missing_lines": [169, 172, 173, 174, 175, 176], "excluded_lines": []}, "": {"executed_lines": [1, 6, 7, 8, 9, 10, 11, 12, 14, 15, 18, 19, 59, 60, 90, 91, 122, 123, 161, 162], "summary": {"covered_lines": 19, "num_statements": 19, "percent_covered": 100.0, "percent_covered_display": "100", "missing_lines": 0, "excluded_lines": 0}, "missing_lines": [], "excluded_lines": []}}, "classes": {"": {"executed_lines": [1, 6, 7, 8, 9, 10, 11, 12, 14, 15, 18, 19, 24, 25, 26, 37, 39, 59, 60, 62, 63, 64, 66, 90, 91, 93, 94, 95, 97, 98, 100, 115, 116, 122, 123, 129, 130, 131, 136, 139, 161, 162, 164, 165, 166, 168, 171], "summary": {"covered_lines": 46, "num_statements": 67, "percent_covered": 68.65671641791045, "percent_covered_display": "69", "missing_lines": 21, "excluded_lines": 0}, "missing_lines": [54, 55, 56, 85, 86, 87, 117, 118, 119, 137, 154, 155, 156, 157, 158, 169, 172, 173, 174, 175, 176], "excluded_lines": []}}}, "backend/api/v1/admin_symptoms.py": {"executed_lines": [1, 6, 7, 8, 9, 10, 11, 12, 14, 15, 18, 19, 21, 22, 23, 31, 33, 50, 51, 53, 54, 55, 57, 78, 79, 81, 82, 83, 85, 86, 88, 100, 101, 107, 108, 114, 115, 116, 118, 121, 140, 141, 143, 144, 145, 147, 150], "summary": {"covered_lines": 46, "num_statements": 67, "percent_covered": 68.65671641791045, "percent_covered_display": "69", "missing_lines": 21, "excluded_lines": 0}, "missing_lines": [45, 46, 47, 73, 74, 75, 102, 103, 104, 119, 133, 134, 135, 136, 137, 148, 151, 152, 153, 154, 155], "excluded_lines": [], "functions": {"create_symptom": {"executed_lines": [21, 22, 23, 31, 33], "summary": {"covered_lines": 5, "num_statements": 8, "percent_covered": 62.5, "percent_covered_display": "62", "missing_lines": 3, "excluded_lines": 0}, "missing_lines": [45, 46, 47], "excluded_lines": []}, "get_all_symptoms": {"executed_lines": [53, 54, 55, 57], "summary": {"covered_lines": 4, "num_statements": 7, "percent_covered": 57.142857142857146, "percent_covered_display": "57", "missing_lines": 3, "excluded_lines": 0}, "missing_lines": [73, 74, 75], "excluded_lines": []}, "get_symptom": {"executed_lines": [81, 82, 83, 85, 86, 88, 100, 101], "summary": {"covered_lines": 8, "num_statements": 11, "percent_covered": 72.72727272727273, "percent_covered_display": "73", "missing_lines": 3, "excluded_lines": 0}, "missing_lines": [102, 103, 104], "excluded_lines": []}, "update_symptom": {"executed_lines": [114, 115, 116, 118, 121], "summary": {"covered_lines": 5, "num_statements": 11, "percent_covered": 45.45454545454545, "percent_covered_display": "45", "missing_lines": 6, "excluded_lines": 0}, "missing_lines": [119, 133, 134, 135, 136, 137], "excluded_lines": []}, "delete_symptom": {"executed_lines": [143, 144, 145, 147, 150], "summary": {"covered_lines": 5, "num_statements": 11, "percent_covered": 45.45454545454545, "percent_covered_display": "45", "missing_lines": 6, "excluded_lines": 0}, "missing_lines": [148, 151, 152, 153, 154, 155], "excluded_lines": []}, "": {"executed_lines": [1, 6, 7, 8, 9, 10, 11, 12, 14, 15, 18, 19, 50, 51, 78, 79, 107, 108, 140, 141], "summary": {"covered_lines": 19, "num_statements": 19, "percent_covered": 100.0, "percent_covered_display": "100", "missing_lines": 0, "excluded_lines": 0}, "missing_lines": [], "excluded_lines": []}}, "classes": {"": {"executed_lines": [1, 6, 7, 8, 9, 10, 11, 12, 14, 15, 18, 19, 21, 22, 23, 31, 33, 50, 51, 53, 54, 55, 57, 78, 79, 81, 82, 83, 85, 86, 88, 100, 101, 107, 108, 114, 115, 116, 118, 121, 140, 141, 143, 144, 145, 147, 150], "summary": {"covered_lines": 46, "num_statements": 67, "percent_covered": 68.65671641791045, "percent_covered_display": "69", "missing_lines": 21, "excluded_lines": 0}, "missing_lines": [45, 46, 47, 73, 74, 75, 102, 103, 104, 119, 133, 134, 135, 136, 137, 148, 151, 152, 153, 154, 155], "excluded_lines": []}}}, "backend/api/v1/favorites.py": {"executed_lines": [1, 9, 10, 11, 12, 13, 15, 18, 19, 59, 60, 95, 96], "summary": {"covered_lines": 12, "num_statements": 41, "percent_covered": 29.26829268292683, "percent_covered_display": "29", "missing_lines": 29, "excluded_lines": 0}, "missing_lines": [23, 24, 25, 27, 28, 29, 30, 32, 50, 55, 56, 69, 70, 71, 73, 74, 76, 83, 91, 92, 104, 105, 106, 108, 109, 110, 119, 120, 121], "excluded_lines": [], "functions": {"get_user_favorite_cards": {"executed_lines": [], "summary": {"covered_lines": 0, "num_statements": 11, "percent_covered": 0.0, "percent_covered_display": "0", "missing_lines": 11, "excluded_lines": 0}, "missing_lines": [23, 24, 25, 27, 28, 29, 30, 32, 50, 55, 56], "excluded_lines": []}, "toggle_favorite_card": {"executed_lines": [], "summary": {"covered_lines": 0, "num_statements": 9, "percent_covered": 0.0, "percent_covered_display": "0", "missing_lines": 9, "excluded_lines": 0}, "missing_lines": [69, 70, 71, 73, 74, 76, 83, 91, 92], "excluded_lines": []}, "remove_favorite_card": {"executed_lines": [], "summary": {"covered_lines": 0, "num_statements": 9, "percent_covered": 0.0, "percent_covered_display": "0", "missing_lines": 9, "excluded_lines": 0}, "missing_lines": [104, 105, 106, 108, 109, 110, 119, 120, 121], "excluded_lines": []}, "": {"executed_lines": [1, 9, 10, 11, 12, 13, 15, 18, 19, 59, 60, 95, 96], "summary": {"covered_lines": 12, "num_statements": 12, "percent_covered": 100.0, "percent_covered_display": "100", "missing_lines": 0, "excluded_lines": 0}, "missing_lines": [], "excluded_lines": []}}, "classes": {"": {"executed_lines": [1, 9, 10, 11, 12, 13, 15, 18, 19, 59, 60, 95, 96], "summary": {"covered_lines": 12, "num_statements": 41, "percent_covered": 29.26829268292683, "percent_covered_display": "29", "missing_lines": 29, "excluded_lines": 0}, "missing_lines": [23, 24, 25, 27, 28, 29, 30, 32, 50, 55, 56, 69, 70, 71, 73, 74, 76, 83, 91, 92, 104, 105, 106, 108, 109, 110, 119, 120, 121], "excluded_lines": []}}}, "backend/api/v1/feedback.py": {"executed_lines": [1, 8, 9, 10, 11, 12, 13, 17, 18, 19, 21, 23, 25, 26, 27, 28, 29, 30, 32, 33, 34, 35, 36, 37, 38, 40, 41, 42, 44, 45, 90, 91, 142, 143], "summary": {"covered_lines": 30, "num_statements": 56, "percent_covered": 53.57142857142857, "percent_covered_display": "54", "missing_lines": 26, "excluded_lines": 0}, "missing_lines": [59, 60, 63, 70, 72, 83, 84, 85, 109, 110, 113, 121, 123, 135, 136, 137, 155, 156, 159, 160, 161, 167, 169, 181, 182, 183], "excluded_lines": [], "functions": {"create_session_feedback": {"executed_lines": [], "summary": {"covered_lines": 0, "num_statements": 8, "percent_covered": 0.0, "percent_covered_display": "0", "missing_lines": 8, "excluded_lines": 0}, "missing_lines": [59, 60, 63, 70, 72, 83, 84, 85], "excluded_lines": []}, "create_practice_card_feedback": {"executed_lines": [], "summary": {"covered_lines": 0, "num_statements": 8, "percent_covered": 0.0, "percent_covered_display": "0", "missing_lines": 8, "excluded_lines": 0}, "missing_lines": [109, 110, 113, 121, 123, 135, 136, 137], "excluded_lines": []}, "toggle_practice_card_favorite": {"executed_lines": [], "summary": {"covered_lines": 0, "num_statements": 10, "percent_covered": 0.0, "percent_covered_display": "0", "missing_lines": 10, "excluded_lines": 0}, "missing_lines": [155, 156, 159, 160, 161, 167, 169, 181, 182, 183], "excluded_lines": []}, "": {"executed_lines": [1, 8, 9, 10, 11, 12, 13, 17, 18, 19, 21, 23, 25, 26, 27, 28, 29, 30, 32, 33, 34, 35, 36, 37, 38, 40, 41, 42, 44, 45, 90, 91, 142, 143], "summary": {"covered_lines": 30, "num_statements": 30, "percent_covered": 100.0, "percent_covered_display": "100", "missing_lines": 0, "excluded_lines": 0}, "missing_lines": [], "excluded_lines": []}}, "classes": {"SessionFeedbackCreate": {"executed_lines": [], "summary": {"covered_lines": 0, "num_statements": 0, "percent_covered": 100.0, "percent_covered_display": "100", "missing_lines": 0, "excluded_lines": 0}, "missing_lines": [], "excluded_lines": []}, "PracticeCardFeedbackCreate": {"executed_lines": [], "summary": {"covered_lines": 0, "num_statements": 0, "percent_covered": 100.0, "percent_covered_display": "100", "missing_lines": 0, "excluded_lines": 0}, "missing_lines": [], "excluded_lines": []}, "PracticeCardFavoriteUpdate": {"executed_lines": [], "summary": {"covered_lines": 0, "num_statements": 0, "percent_covered": 100.0, "percent_covered_display": "100", "missing_lines": 0, "excluded_lines": 0}, "missing_lines": [], "excluded_lines": []}, "": {"executed_lines": [1, 8, 9, 10, 11, 12, 13, 17, 18, 19, 21, 23, 25, 26, 27, 28, 29, 30, 32, 33, 34, 35, 36, 37, 38, 40, 41, 42, 44, 45, 90, 91, 142, 143], "summary": {"covered_lines": 30, "num_statements": 56, "percent_covered": 53.57142857142857, "percent_covered_display": "54", "missing_lines": 26, "excluded_lines": 0}, "missing_lines": [59, 60, 63, 70, 72, 83, 84, 85, 109, 110, 113, 121, 123, 135, 136, 137, 155, 156, 159, 160, 161, 167, 169, 181, 182, 183], "excluded_lines": []}}}, "backend/api/v1/followup.py": {"executed_lines": [1, 6, 7, 8, 9, 10, 11, 13, 15, 16, 17, 18, 19, 20, 22, 23, 24, 25, 26, 27, 29, 30], "summary": {"covered_lines": 19, "num_statements": 24, "percent_covered": 79.16666666666667, "percent_covered_display": "79", "missing_lines": 5, "excluded_lines": 0}, "missing_lines": [39, 41, 49, 53, 54], "excluded_lines": [], "functions": {"get_followup_needs_endpoint": {"executed_lines": [], "summary": {"covered_lines": 0, "num_statements": 5, "percent_covered": 0.0, "percent_covered_display": "0", "missing_lines": 5, "excluded_lines": 0}, "missing_lines": [39, 41, 49, 53, 54], "excluded_lines": []}, "": {"executed_lines": [1, 6, 7, 8, 9, 10, 11, 13, 15, 16, 17, 18, 19, 20, 22, 23, 24, 25, 26, 27, 29, 30], "summary": {"covered_lines": 19, "num_statements": 19, "percent_covered": 100.0, "percent_covered_display": "100", "missing_lines": 0, "excluded_lines": 0}, "missing_lines": [], "excluded_lines": []}}, "classes": {"FollowupRequest": {"executed_lines": [], "summary": {"covered_lines": 0, "num_statements": 0, "percent_covered": 100.0, "percent_covered_display": "100", "missing_lines": 0, "excluded_lines": 0}, "missing_lines": [], "excluded_lines": []}, "FollowupResponse": {"executed_lines": [], "summary": {"covered_lines": 0, "num_statements": 0, "percent_covered": 100.0, "percent_covered_display": "100", "missing_lines": 0, "excluded_lines": 0}, "missing_lines": [], "excluded_lines": []}, "": {"executed_lines": [1, 6, 7, 8, 9, 10, 11, 13, 15, 16, 17, 18, 19, 20, 22, 23, 24, 25, 26, 27, 29, 30], "summary": {"covered_lines": 19, "num_statements": 24, "percent_covered": 79.16666666666667, "percent_covered_display": "79", "missing_lines": 5, "excluded_lines": 0}, "missing_lines": [39, 41, 49, 53, 54], "excluded_lines": []}}}, "backend/api/v1/knowledge_management.py": {"executed_lines": [1, 7, 8, 9, 10, 11, 12, 13, 14, 15, 17, 20, 21, 66, 67, 129, 130, 159, 160, 189, 190], "summary": {"covered_lines": 20, "num_statements": 53, "percent_covered": 37.735849056603776, "percent_covered_display": "38", "missing_lines": 33, "excluded_lines": 0}, "missing_lines": [37, 39, 40, 43, 45, 46, 50, 57, 62, 63, 85, 88, 114, 115, 116, 118, 125, 126, 146, 149, 155, 156, 176, 179, 185, 186, 206, 209, 236, 237, 246, 252, 253], "excluded_lines": [], "functions": {"upload_knowledge_file": {"executed_lines": [], "summary": {"covered_lines": 0, "num_statements": 10, "percent_covered": 0.0, "percent_covered_display": "0", "missing_lines": 10, "excluded_lines": 0}, "missing_lines": [37, 39, 40, 43, 45, 46, 50, 57, 62, 63], "excluded_lines": []}, "list_pending_review_knowledge": {"executed_lines": [], "summary": {"covered_lines": 0, "num_statements": 8, "percent_covered": 0.0, "percent_covered_display": "0", "missing_lines": 8, "excluded_lines": 0}, "missing_lines": [85, 88, 114, 115, 116, 118, 125, 126], "excluded_lines": []}, "approve_knowledge": {"executed_lines": [], "summary": {"covered_lines": 0, "num_statements": 4, "percent_covered": 0.0, "percent_covered_display": "0", "missing_lines": 4, "excluded_lines": 0}, "missing_lines": [146, 149, 155, 156], "excluded_lines": []}, "reject_knowledge": {"executed_lines": [], "summary": {"covered_lines": 0, "num_statements": 4, "percent_covered": 0.0, "percent_covered_display": "0", "missing_lines": 4, "excluded_lines": 0}, "missing_lines": [176, 179, 185, 186], "excluded_lines": []}, "export_approved_knowledge": {"executed_lines": [], "summary": {"covered_lines": 0, "num_statements": 7, "percent_covered": 0.0, "percent_covered_display": "0", "missing_lines": 7, "excluded_lines": 0}, "missing_lines": [206, 209, 236, 237, 246, 252, 253], "excluded_lines": []}, "": {"executed_lines": [1, 7, 8, 9, 10, 11, 12, 13, 14, 15, 17, 20, 21, 66, 67, 129, 130, 159, 160, 189, 190], "summary": {"covered_lines": 20, "num_statements": 20, "percent_covered": 100.0, "percent_covered_display": "100", "missing_lines": 0, "excluded_lines": 0}, "missing_lines": [], "excluded_lines": []}}, "classes": {"": {"executed_lines": [1, 7, 8, 9, 10, 11, 12, 13, 14, 15, 17, 20, 21, 66, 67, 129, 130, 159, 160, 189, 190], "summary": {"covered_lines": 20, "num_statements": 53, "percent_covered": 37.735849056603776, "percent_covered_display": "38", "missing_lines": 33, "excluded_lines": 0}, "missing_lines": [37, 39, 40, 43, 45, 46, 50, 57, 62, 63, 85, 88, 114, 115, 116, 118, 125, 126, 146, 149, 155, 156, 176, 179, 185, 186, 206, 209, 236, 237, 246, 252, 253], "excluded_lines": []}}}, "backend/api/v1/personalization.py": {"executed_lines": [1, 6, 7, 8, 9, 10, 11, 16, 19, 20, 21, 22, 25, 26, 43, 44], "summary": {"covered_lines": 14, "num_statements": 18, "percent_covered": 77.77777777777777, "percent_covered_display": "78", "missing_lines": 4, "excluded_lines": 0}, "missing_lines": [35, 37, 54, 56], "excluded_lines": [], "functions": {"get_user_preferences": {"executed_lines": [], "summary": {"covered_lines": 0, "num_statements": 2, "percent_covered": 0.0, "percent_covered_display": "0", "missing_lines": 2, "excluded_lines": 0}, "missing_lines": [35, 37], "excluded_lines": []}, "get_practice_personalized_recommendations": {"executed_lines": [], "summary": {"covered_lines": 0, "num_statements": 2, "percent_covered": 0.0, "percent_covered_display": "0", "missing_lines": 2, "excluded_lines": 0}, "missing_lines": [54, 56], "excluded_lines": []}, "": {"executed_lines": [1, 6, 7, 8, 9, 10, 11, 16, 19, 20, 21, 22, 25, 26, 43, 44], "summary": {"covered_lines": 14, "num_statements": 14, "percent_covered": 100.0, "percent_covered_display": "100", "missing_lines": 0, "excluded_lines": 0}, "missing_lines": [], "excluded_lines": []}}, "classes": {"PersonalizedRecommendationResponse": {"executed_lines": [], "summary": {"covered_lines": 0, "num_statements": 0, "percent_covered": 100.0, "percent_covered_display": "100", "missing_lines": 0, "excluded_lines": 0}, "missing_lines": [], "excluded_lines": []}, "": {"executed_lines": [1, 6, 7, 8, 9, 10, 11, 16, 19, 20, 21, 22, 25, 26, 43, 44], "summary": {"covered_lines": 14, "num_statements": 18, "percent_covered": 77.77777777777777, "percent_covered_display": "78", "missing_lines": 4, "excluded_lines": 0}, "missing_lines": [35, 37, 54, 56], "excluded_lines": []}}}, "backend/api/v1/router.py": {"executed_lines": [1, 11, 12, 26, 29, 32, 35, 38, 41, 44, 47, 50, 53, 56, 59, 62, 63], "summary": {"covered_lines": 16, "num_statements": 17, "percent_covered": 94.11764705882354, "percent_covered_display": "94", "missing_lines": 1, "excluded_lines": 0}, "missing_lines": [64], "excluded_lines": [], "functions": {"health_check": {"executed_lines": [], "summary": {"covered_lines": 0, "num_statements": 1, "percent_covered": 0.0, "percent_covered_display": "0", "missing_lines": 1, "excluded_lines": 0}, "missing_lines": [64], "excluded_lines": []}, "": {"executed_lines": [1, 11, 12, 26, 29, 32, 35, 38, 41, 44, 47, 50, 53, 56, 59, 62, 63], "summary": {"covered_lines": 16, "num_statements": 16, "percent_covered": 100.0, "percent_covered_display": "100", "missing_lines": 0, "excluded_lines": 0}, "missing_lines": [], "excluded_lines": []}}, "classes": {"": {"executed_lines": [1, 11, 12, 26, 29, 32, 35, 38, 41, 44, 47, 50, 53, 56, 59, 62, 63], "summary": {"covered_lines": 16, "num_statements": 17, "percent_covered": 94.11764705882354, "percent_covered_display": "94", "missing_lines": 1, "excluded_lines": 0}, "missing_lines": [64], "excluded_lines": []}}}, "backend/api/v1/schemas.py": {"executed_lines": [1, 6, 7, 8, 14, 15, 16, 17, 18, 19, 20, 21, 24, 25, 26, 27, 28, 29, 30, 31, 34, 35, 36, 37, 38, 39, 40, 41, 42, 44, 45, 51, 52, 53, 54, 55, 56, 57, 58, 59, 60, 61, 64, 65, 66, 67, 68, 69, 70, 71, 72, 73, 74, 77, 78, 79, 80, 81, 82, 83, 84, 85, 86, 87, 88, 90, 91, 97, 98, 99, 100, 101, 104, 105, 106, 112, 113, 114, 115, 116, 117, 120, 121, 122, 123, 124, 125, 126, 132, 133, 134, 135, 136, 137, 140, 141, 142, 143, 144, 145], "summary": {"covered_lines": 87, "num_statements": 87, "percent_covered": 100.0, "percent_covered_display": "100", "missing_lines": 0, "excluded_lines": 0}, "missing_lines": [], "excluded_lines": [], "functions": {"": {"executed_lines": [1, 6, 7, 8, 14, 15, 16, 17, 18, 19, 20, 21, 24, 25, 26, 27, 28, 29, 30, 31, 34, 35, 36, 37, 38, 39, 40, 41, 42, 44, 45, 51, 52, 53, 54, 55, 56, 57, 58, 59, 60, 61, 64, 65, 66, 67, 68, 69, 70, 71, 72, 73, 74, 77, 78, 79, 80, 81, 82, 83, 84, 85, 86, 87, 88, 90, 91, 97, 98, 99, 100, 101, 104, 105, 106, 112, 113, 114, 115, 116, 117, 120, 121, 122, 123, 124, 125, 126, 132, 133, 134, 135, 136, 137, 140, 141, 142, 143, 144, 145], "summary": {"covered_lines": 87, "num_statements": 87, "percent_covered": 100.0, "percent_covered_display": "100", "missing_lines": 0, "excluded_lines": 0}, "missing_lines": [], "excluded_lines": []}}, "classes": {"SymptomCreate": {"executed_lines": [], "summary": {"covered_lines": 0, "num_statements": 0, "percent_covered": 100.0, "percent_covered_display": "100", "missing_lines": 0, "excluded_lines": 0}, "missing_lines": [], "excluded_lines": []}, "SymptomUpdate": {"executed_lines": [], "summary": {"covered_lines": 0, "num_statements": 0, "percent_covered": 100.0, "percent_covered_display": "100", "missing_lines": 0, "excluded_lines": 0}, "missing_lines": [], "excluded_lines": []}, "SymptomResponse": {"executed_lines": [], "summary": {"covered_lines": 0, "num_statements": 0, "percent_covered": 100.0, "percent_covered_display": "100", "missing_lines": 0, "excluded_lines": 0}, "missing_lines": [], "excluded_lines": []}, "SymptomResponse.Config": {"executed_lines": [], "summary": {"covered_lines": 0, "num_statements": 0, "percent_covered": 100.0, "percent_covered_display": "100", "missing_lines": 0, "excluded_lines": 0}, "missing_lines": [], "excluded_lines": []}, "PracticeCardCreate": {"executed_lines": [], "summary": {"covered_lines": 0, "num_statements": 0, "percent_covered": 100.0, "percent_covered_display": "100", "missing_lines": 0, "excluded_lines": 0}, "missing_lines": [], "excluded_lines": []}, "PracticeCardUpdate": {"executed_lines": [], "summary": {"covered_lines": 0, "num_statements": 0, "percent_covered": 100.0, "percent_covered_display": "100", "missing_lines": 0, "excluded_lines": 0}, "missing_lines": [], "excluded_lines": []}, "PracticeCardResponse": {"executed_lines": [], "summary": {"covered_lines": 0, "num_statements": 0, "percent_covered": 100.0, "percent_covered_display": "100", "missing_lines": 0, "excluded_lines": 0}, "missing_lines": [], "excluded_lines": []}, "PracticeCardResponse.Config": {"executed_lines": [], "summary": {"covered_lines": 0, "num_statements": 0, "percent_covered": 100.0, "percent_covered_display": "100", "missing_lines": 0, "excluded_lines": 0}, "missing_lines": [], "excluded_lines": []}, "SymptomPracticeMappingCreate": {"executed_lines": [], "summary": {"covered_lines": 0, "num_statements": 0, "percent_covered": 100.0, "percent_covered_display": "100", "missing_lines": 0, "excluded_lines": 0}, "missing_lines": [], "excluded_lines": []}, "SymptomPracticeMappingUpdate": {"executed_lines": [], "summary": {"covered_lines": 0, "num_statements": 0, "percent_covered": 100.0, "percent_covered_display": "100", "missing_lines": 0, "excluded_lines": 0}, "missing_lines": [], "excluded_lines": []}, "SessionFeedbackCreate": {"executed_lines": [], "summary": {"covered_lines": 0, "num_statements": 0, "percent_covered": 100.0, "percent_covered_display": "100", "missing_lines": 0, "excluded_lines": 0}, "missing_lines": [], "excluded_lines": []}, "PracticeCardFeedbackCreate": {"executed_lines": [], "summary": {"covered_lines": 0, "num_statements": 0, "percent_covered": 100.0, "percent_covered_display": "100", "missing_lines": 0, "excluded_lines": 0}, "missing_lines": [], "excluded_lines": []}, "SkiTipsRequest": {"executed_lines": [], "summary": {"covered_lines": 0, "num_statements": 0, "percent_covered": 100.0, "percent_covered_display": "100", "missing_lines": 0, "excluded_lines": 0}, "missing_lines": [], "excluded_lines": []}, "FollowupNeedsRequest": {"executed_lines": [], "summary": {"covered_lines": 0, "num_statements": 0, "percent_covered": 100.0, "percent_covered_display": "100", "missing_lines": 0, "excluded_lines": 0}, "missing_lines": [], "excluded_lines": []}, "": {"executed_lines": [1, 6, 7, 8, 14, 15, 16, 17, 18, 19, 20, 21, 24, 25, 26, 27, 28, 29, 30, 31, 34, 35, 36, 37, 38, 39, 40, 41, 42, 44, 45, 51, 52, 53, 54, 55, 56, 57, 58, 59, 60, 61, 64, 65, 66, 67, 68, 69, 70, 71, 72, 73, 74, 77, 78, 79, 80, 81, 82, 83, 84, 85, 86, 87, 88, 90, 91, 97, 98, 99, 100, 101, 104, 105, 106, 112, 113, 114, 115, 116, 117, 120, 121, 122, 123, 124, 125, 126, 132, 133, 134, 135, 136, 137, 140, 141, 142, 143, 144, 145], "summary": {"covered_lines": 87, "num_statements": 87, "percent_covered": 100.0, "percent_covered_display": "100", "missing_lines": 0, "excluded_lines": 0}, "missing_lines": [], "excluded_lines": []}}}, "backend/api/v1/ski_tips.py": {"executed_lines": [1, 10, 11, 12, 13, 14, 15, 16, 17, 19, 22, 23, 46, 47], "summary": {"covered_lines": 13, "num_statements": 25, "percent_covered": 52.0, "percent_covered_display": "52", "missing_lines": 12, "excluded_lines": 0}, "missing_lines": [35, 36, 37, 42, 43, 59, 61, 62, 65, 67, 71, 72], "excluded_lines": [], "functions": {"get_ski_tips_endpoint": {"executed_lines": [], "summary": {"covered_lines": 0, "num_statements": 5, "percent_covered": 0.0, "percent_covered_display": "0", "missing_lines": 5, "excluded_lines": 0}, "missing_lines": [35, 36, 37, 42, 43], "excluded_lines": []}, "get_followup_needs_endpoint": {"executed_lines": [], "summary": {"covered_lines": 0, "num_statements": 7, "percent_covered": 0.0, "percent_covered_display": "0", "missing_lines": 7, "excluded_lines": 0}, "missing_lines": [59, 61, 62, 65, 67, 71, 72], "excluded_lines": []}, "": {"executed_lines": [1, 10, 11, 12, 13, 14, 15, 16, 17, 19, 22, 23, 46, 47], "summary": {"covered_lines": 13, "num_statements": 13, "percent_covered": 100.0, "percent_covered_display": "100", "missing_lines": 0, "excluded_lines": 0}, "missing_lines": [], "excluded_lines": []}}, "classes": {"": {"executed_lines": [1, 10, 11, 12, 13, 14, 15, 16, 17, 19, 22, 23, 46, 47], "summary": {"covered_lines": 13, "num_statements": 25, "percent_covered": 52.0, "percent_covered_display": "52", "missing_lines": 12, "excluded_lines": 0}, "missing_lines": [35, 36, 37, 42, 43, 59, 61, 62, 65, 67, 71, 72], "excluded_lines": []}}}, "backend/api/v1/video_demo.py": {"executed_lines": [1, 6, 7, 8, 9, 10, 11, 12, 13, 14, 16, 18, 21, 22, 23, 24, 27, 28], "summary": {"covered_lines": 16, "num_statements": 30, "percent_covered": 53.333333333333336, "percent_covered_display": "53", "missing_lines": 14, "excluded_lines": 0}, "missing_lines": [37, 39, 40, 42, 43, 49, 50, 53, 54, 56, 58, 63, 64, 65], "excluded_lines": [], "functions": {"get_practice_card_video_suggestions": {"executed_lines": [], "summary": {"covered_lines": 0, "num_statements": 14, "percent_covered": 0.0, "percent_covered_display": "0", "missing_lines": 14, "excluded_lines": 0}, "missing_lines": [37, 39, 40, 42, 43, 49, 50, 53, 54, 56, 58, 63, 64, 65], "excluded_lines": []}, "": {"executed_lines": [1, 6, 7, 8, 9, 10, 11, 12, 13, 14, 16, 18, 21, 22, 23, 24, 27, 28], "summary": {"covered_lines": 16, "num_statements": 16, "percent_covered": 100.0, "percent_covered_display": "100", "missing_lines": 0, "excluded_lines": 0}, "missing_lines": [], "excluded_lines": []}}, "classes": {"VideoSuggestionResponse": {"executed_lines": [], "summary": {"covered_lines": 0, "num_statements": 0, "percent_covered": 100.0, "percent_covered_display": "100", "missing_lines": 0, "excluded_lines": 0}, "missing_lines": [], "excluded_lines": []}, "": {"executed_lines": [1, 6, 7, 8, 9, 10, 11, 12, 13, 14, 16, 18, 21, 22, 23, 24, 27, 28], "summary": {"covered_lines": 16, "num_statements": 30, "percent_covered": 53.333333333333336, "percent_covered_display": "53", "missing_lines": 14, "excluded_lines": 0}, "missing_lines": [37, 39, 40, 42, 43, 49, 50, 53, 54, 56, 58, 63, 64, 65], "excluded_lines": []}}}, "backend/core/config.py": {"executed_lines": [1, 6, 7, 9, 11, 12, 13, 16, 17, 20, 21, 24, 25, 28, 29, 32, 35, 36, 37, 40, 43, 44, 45, 46, 48], "summary": {"covered_lines": 24, "num_statements": 24, "percent_covered": 100.0, "percent_covered_display": "100", "missing_lines": 0, "excluded_lines": 0}, "missing_lines": [], "excluded_lines": [], "functions": {"": {"executed_lines": [1, 6, 7, 9, 11, 12, 13, 16, 17, 20, 21, 24, 25, 28, 29, 32, 35, 36, 37, 40, 43, 44, 45, 46, 48], "summary": {"covered_lines": 24, "num_statements": 24, "percent_covered": 100.0, "percent_covered_display": "100", "missing_lines": 0, "excluded_lines": 0}, "missing_lines": [], "excluded_lines": []}}, "classes": {"Settings": {"executed_lines": [], "summary": {"covered_lines": 0, "num_statements": 0, "percent_covered": 100.0, "percent_covered_display": "100", "missing_lines": 0, "excluded_lines": 0}, "missing_lines": [], "excluded_lines": []}, "": {"executed_lines": [1, 6, 7, 9, 11, 12, 13, 16, 17, 20, 21, 24, 25, 28, 29, 32, 35, 36, 37, 40, 43, 44, 45, 46, 48], "summary": {"covered_lines": 24, "num_statements": 24, "percent_covered": 100.0, "percent_covered_display": "100", "missing_lines": 0, "excluded_lines": 0}, "missing_lines": [], "excluded_lines": []}}}, "backend/database/__init__.py": {"executed_lines": [1, 4, 5, 14], "summary": {"covered_lines": 3, "num_statements": 3, "percent_covered": 100.0, "percent_covered_display": "100", "missing_lines": 0, "excluded_lines": 0}, "missing_lines": [], "excluded_lines": [], "functions": {"": {"executed_lines": [1, 4, 5, 14], "summary": {"covered_lines": 3, "num_statements": 3, "percent_covered": 100.0, "percent_covered_display": "100", "missing_lines": 0, "excluded_lines": 0}, "missing_lines": [], "excluded_lines": []}}, "classes": {"": {"executed_lines": [1, 4, 5, 14], "summary": {"covered_lines": 3, "num_statements": 3, "percent_covered": 100.0, "percent_covered_display": "100", "missing_lines": 0, "excluded_lines": 0}, "missing_lines": [], "excluded_lines": []}}}, "backend/database/base.py": {"executed_lines": [1, 4, 5, 6, 9, 16, 19, 21], "summary": {"covered_lines": 7, "num_statements": 11, "percent_covered": 63.63636363636363, "percent_covered_display": "64", "missing_lines": 4, "excluded_lines": 0}, "missing_lines": [25, 26, 27, 29], "excluded_lines": [], "functions": {"get_db": {"executed_lines": [], "summary": {"covered_lines": 0, "num_statements": 4, "percent_covered": 0.0, "percent_covered_display": "0", "missing_lines": 4, "excluded_lines": 0}, "missing_lines": [25, 26, 27, 29], "excluded_lines": []}, "": {"executed_lines": [1, 4, 5, 6, 9, 16, 19, 21], "summary": {"covered_lines": 7, "num_statements": 7, "percent_covered": 100.0, "percent_covered_display": "100", "missing_lines": 0, "excluded_lines": 0}, "missing_lines": [], "excluded_lines": []}}, "classes": {"": {"executed_lines": [1, 4, 5, 6, 9, 16, 19, 21], "summary": {"covered_lines": 7, "num_statements": 11, "percent_covered": 63.63636363636363, "percent_covered_display": "64", "missing_lines": 4, "excluded_lines": 0}, "missing_lines": [25, 26, 27, 29], "excluded_lines": []}}}, "backend/database/repositories.py": {"executed_lines": [1, 5, 6, 7, 8, 11, 12, 14, 15, 17, 19, 20, 22, 24, 25, 27, 29, 30, 32, 34, 36, 37, 38, 39, 40, 41, 42, 43, 45, 46, 47, 48, 50, 52, 53, 54, 55, 56, 63, 64, 65, 66, 68, 70, 71, 72, 73, 74, 75, 76, 78, 80, 83, 84, 85, 86, 87, 90, 91, 93, 94, 96, 98, 99, 101, 103, 104, 106, 108, 110, 111, 112, 113, 114, 115, 116, 117, 119, 120, 121, 122, 124, 126, 127, 128, 129, 130, 137, 138, 139, 140, 142, 144, 145, 146, 147, 148, 149, 150, 152, 154, 155, 156, 158, 160, 161, 164, 165, 166, 167, 169, 171, 174, 176, 179, 180, 182, 185, 190, 198, 210, 211, 213, 214, 216, 218, 219, 220, 224, 225, 229, 231, 232, 233, 234, 235, 237, 247, 261, 268, 276, 287, 292, 293, 295, 298, 306, 314, 325, 332, 341, 346, 353, 375, 376, 378, 381, 389, 396, 407], "summary": {"covered_lines": 153, "num_statements": 253, "percent_covered": 60.47430830039526, "percent_covered_display": "60", "missing_lines": 100, "excluded_lines": 0}, "missing_lines": [58, 59, 61, 132, 133, 135, 170, 172, 183, 187, 188, 192, 193, 194, 195, 196, 200, 201, 202, 203, 204, 205, 206, 207, 239, 240, 245, 249, 250, 255, 256, 257, 258, 259, 263, 264, 270, 271, 278, 279, 280, 281, 282, 283, 284, 285, 289, 296, 300, 301, 302, 303, 304, 308, 309, 316, 317, 318, 319, 320, 321, 322, 323, 327, 328, 334, 335, 336, 339, 343, 344, 348, 349, 355, 356, 358, 359, 361, 362, 366, 367, 372, 379, 383, 384, 385, 386, 387, 391, 392, 398, 399, 400, 401, 402, 403, 404, 405, 409, 410], "excluded_lines": [], "functions": {"SymptomRepository.__init__": {"executed_lines": [15], "summary": {"covered_lines": 1, "num_statements": 1, "percent_covered": 100.0, "percent_covered_display": "100", "missing_lines": 0, "excluded_lines": 0}, "missing_lines": [], "excluded_lines": []}, "SymptomRepository.get_by_id": {"executed_lines": [19, 20], "summary": {"covered_lines": 2, "num_statements": 2, "percent_covered": 100.0, "percent_covered_display": "100", "missing_lines": 0, "excluded_lines": 0}, "missing_lines": [], "excluded_lines": []}, "SymptomRepository.get_by_name": {"executed_lines": [24, 25], "summary": {"covered_lines": 2, "num_statements": 2, "percent_covered": 100.0, "percent_covered_display": "100", "missing_lines": 0, "excluded_lines": 0}, "missing_lines": [], "excluded_lines": []}, "SymptomRepository.get_all": {"executed_lines": [29, 30], "summary": {"covered_lines": 2, "num_statements": 2, "percent_covered": 100.0, "percent_covered_display": "100", "missing_lines": 0, "excluded_lines": 0}, "missing_lines": [], "excluded_lines": []}, "SymptomRepository.create": {"executed_lines": [34, 36, 37, 38, 39, 40, 41, 42, 43, 45, 46, 47, 48], "summary": {"covered_lines": 13, "num_statements": 13, "percent_covered": 100.0, "percent_covered_display": "100", "missing_lines": 0, "excluded_lines": 0}, "missing_lines": [], "excluded_lines": []}, "SymptomRepository.update": {"executed_lines": [52, 53, 54, 55, 56, 63, 64, 65, 66], "summary": {"covered_lines": 9, "num_statements": 12, "percent_covered": 75.0, "percent_covered_display": "75", "missing_lines": 3, "excluded_lines": 0}, "missing_lines": [58, 59, 61], "excluded_lines": []}, "SymptomRepository.delete": {"executed_lines": [70, 71, 72, 73, 74, 75, 76], "summary": {"covered_lines": 7, "num_statements": 7, "percent_covered": 100.0, "percent_covered_display": "100", "missing_lines": 0, "excluded_lines": 0}, "missing_lines": [], "excluded_lines": []}, "SymptomRepository.find_by_synonym": {"executed_lines": [80, 83, 84, 85, 86, 87], "summary": {"covered_lines": 6, "num_statements": 6, "percent_covered": 100.0, "percent_covered_display": "100", "missing_lines": 0, "excluded_lines": 0}, "missing_lines": [], "excluded_lines": []}, "PracticeCardRepository.__init__": {"executed_lines": [94], "summary": {"covered_lines": 1, "num_statements": 1, "percent_covered": 100.0, "percent_covered_display": "100", "missing_lines": 0, "excluded_lines": 0}, "missing_lines": [], "excluded_lines": []}, "PracticeCardRepository.get_by_id": {"executed_lines": [98, 99], "summary": {"covered_lines": 2, "num_statements": 2, "percent_covered": 100.0, "percent_covered_display": "100", "missing_lines": 0, "excluded_lines": 0}, "missing_lines": [], "excluded_lines": []}, "PracticeCardRepository.get_all": {"executed_lines": [103, 104], "summary": {"covered_lines": 2, "num_statements": 2, "percent_covered": 100.0, "percent_covered_display": "100", "missing_lines": 0, "excluded_lines": 0}, "missing_lines": [], "excluded_lines": []}, "PracticeCardRepository.create": {"executed_lines": [108, 110, 111, 112, 113, 114, 115, 116, 117, 119, 120, 121, 122], "summary": {"covered_lines": 13, "num_statements": 13, "percent_covered": 100.0, "percent_covered_display": "100", "missing_lines": 0, "excluded_lines": 0}, "missing_lines": [], "excluded_lines": []}, "PracticeCardRepository.update": {"executed_lines": [126, 127, 128, 129, 130, 137, 138, 139, 140], "summary": {"covered_lines": 9, "num_statements": 12, "percent_covered": 75.0, "percent_covered_display": "75", "missing_lines": 3, "excluded_lines": 0}, "missing_lines": [132, 133, 135], "excluded_lines": []}, "PracticeCardRepository.delete": {"executed_lines": [144, 145, 146, 147, 148, 149, 150], "summary": {"covered_lines": 7, "num_statements": 7, "percent_covered": 100.0, "percent_covered_display": "100", "missing_lines": 0, "excluded_lines": 0}, "missing_lines": [], "excluded_lines": []}, "PracticeCardRepository.get_by_conditions": {"executed_lines": [154, 155, 156, 158, 160, 161, 164, 165, 166, 167, 169, 171, 174, 176], "summary": {"covered_lines": 14, "num_statements": 16, "percent_covered": 87.5, "percent_covered_display": "88", "missing_lines": 2, "excluded_lines": 0}, "missing_lines": [170, 172], "excluded_lines": []}, "SessionRepository.__init__": {"executed_lines": [], "summary": {"covered_lines": 0, "num_statements": 1, "percent_covered": 0.0, "percent_covered_display": "0", "missing_lines": 1, "excluded_lines": 0}, "missing_lines": [183], "excluded_lines": []}, "SessionRepository.get_by_id": {"executed_lines": [], "summary": {"covered_lines": 0, "num_statements": 2, "percent_covered": 0.0, "percent_covered_display": "0", "missing_lines": 2, "excluded_lines": 0}, "missing_lines": [187, 188], "excluded_lines": []}, "SessionRepository.create": {"executed_lines": [], "summary": {"covered_lines": 0, "num_statements": 5, "percent_covered": 0.0, "percent_covered_display": "0", "missing_lines": 5, "excluded_lines": 0}, "missing_lines": [192, 193, 194, 195, 196], "excluded_lines": []}, "SessionRepository.update": {"executed_lines": [], "summary": {"covered_lines": 0, "num_statements": 8, "percent_covered": 0.0, "percent_covered_display": "0", "missing_lines": 8, "excluded_lines": 0}, "missing_lines": [200, 201, 202, 203, 204, 205, 206, 207], "excluded_lines": []}, "SymptomPracticeMappingRepository.__init__": {"executed_lines": [214], "summary": {"covered_lines": 1, "num_statements": 1, "percent_covered": 100.0, "percent_covered_display": "100", "missing_lines": 0, "excluded_lines": 0}, "missing_lines": [], "excluded_lines": []}, "SymptomPracticeMappingRepository.get_practice_cards_by_symptom": {"executed_lines": [218, 219, 220, 224, 225], "summary": {"covered_lines": 5, "num_statements": 5, "percent_covered": 100.0, "percent_covered_display": "100", "missing_lines": 0, "excluded_lines": 0}, "missing_lines": [], "excluded_lines": []}, "SymptomPracticeMappingRepository.create": {"executed_lines": [231, 232, 233, 234, 235], "summary": {"covered_lines": 5, "num_statements": 5, "percent_covered": 100.0, "percent_covered_display": "100", "missing_lines": 0, "excluded_lines": 0}, "missing_lines": [], "excluded_lines": []}, "SymptomPracticeMappingRepository.create_mapping": {"executed_lines": [], "summary": {"covered_lines": 0, "num_statements": 3, "percent_covered": 0.0, "percent_covered_display": "0", "missing_lines": 3, "excluded_lines": 0}, "missing_lines": [239, 240, 245], "excluded_lines": []}, "SymptomPracticeMappingRepository.delete_mapping": {"executed_lines": [], "summary": {"covered_lines": 0, "num_statements": 7, "percent_covered": 0.0, "percent_covered_display": "0", "missing_lines": 7, "excluded_lines": 0}, "missing_lines": [249, 250, 255, 256, 257, 258, 259], "excluded_lines": []}, "SymptomPracticeMappingRepository.get_mappings_by_symptom": {"executed_lines": [], "summary": {"covered_lines": 0, "num_statements": 2, "percent_covered": 0.0, "percent_covered_display": "0", "missing_lines": 2, "excluded_lines": 0}, "missing_lines": [263, 264], "excluded_lines": []}, "SymptomPracticeMappingRepository.get_by_ids": {"executed_lines": [], "summary": {"covered_lines": 0, "num_statements": 2, "percent_covered": 0.0, "percent_covered_display": "0", "missing_lines": 2, "excluded_lines": 0}, "missing_lines": [270, 271], "excluded_lines": []}, "SymptomPracticeMappingRepository.update": {"executed_lines": [], "summary": {"covered_lines": 0, "num_statements": 8, "percent_covered": 0.0, "percent_covered_display": "0", "missing_lines": 8, "excluded_lines": 0}, "missing_lines": [278, 279, 280, 281, 282, 283, 284, 285], "excluded_lines": []}, "SymptomPracticeMappingRepository.delete": {"executed_lines": [], "summary": {"covered_lines": 0, "num_statements": 1, "percent_covered": 0.0, "percent_covered_display": "0", "missing_lines": 1, "excluded_lines": 0}, "missing_lines": [289], "excluded_lines": []}, "PracticeCardFeedbackRepository.__init__": {"executed_lines": [], "summary": {"covered_lines": 0, "num_statements": 1, "percent_covered": 0.0, "percent_covered_display": "0", "missing_lines": 1, "excluded_lines": 0}, "missing_lines": [296], "excluded_lines": []}, "PracticeCardFeedbackRepository.create": {"executed_lines": [], "summary": {"covered_lines": 0, "num_statements": 5, "percent_covered": 0.0, "percent_covered_display": "0", "missing_lines": 5, "excluded_lines": 0}, "missing_lines": [300, 301, 302, 303, 304], "excluded_lines": []}, "PracticeCardFeedbackRepository.get_by_session_and_practice": {"executed_lines": [], "summary": {"covered_lines": 0, "num_statements": 2, "percent_covered": 0.0, "percent_covered_display": "0", "missing_lines": 2, "excluded_lines": 0}, "missing_lines": [308, 309], "excluded_lines": []}, "PracticeCardFeedbackRepository.update": {"executed_lines": [], "summary": {"covered_lines": 0, "num_statements": 8, "percent_covered": 0.0, "percent_covered_display": "0", "missing_lines": 8, "excluded_lines": 0}, "missing_lines": [316, 317, 318, 319, 320, 321, 322, 323], "excluded_lines": []}, "PracticeCardFeedbackRepository.get_by_practice_card": {"executed_lines": [], "summary": {"covered_lines": 0, "num_statements": 2, "percent_covered": 0.0, "percent_covered_display": "0", "missing_lines": 2, "excluded_lines": 0}, "missing_lines": [327, 328], "excluded_lines": []}, "PracticeCardFeedbackRepository.get_average_rating": {"executed_lines": [], "summary": {"covered_lines": 0, "num_statements": 4, "percent_covered": 0.0, "percent_covered_display": "0", "missing_lines": 4, "excluded_lines": 0}, "missing_lines": [334, 335, 336, 339], "excluded_lines": []}, "PracticeCardFeedbackRepository.get_all": {"executed_lines": [], "summary": {"covered_lines": 0, "num_statements": 2, "percent_covered": 0.0, "percent_covered_display": "0", "missing_lines": 2, "excluded_lines": 0}, "missing_lines": [343, 344], "excluded_lines": []}, "PracticeCardFeedbackRepository.get_all_favorites": {"executed_lines": [], "summary": {"covered_lines": 0, "num_statements": 2, "percent_covered": 0.0, "percent_covered_display": "0", "missing_lines": 2, "excluded_lines": 0}, "missing_lines": [348, 349], "excluded_lines": []}, "PracticeCardFeedbackRepository.get_favorites_with_cards": {"executed_lines": [], "summary": {"covered_lines": 0, "num_statements": 9, "percent_covered": 0.0, "percent_covered_display": "0", "missing_lines": 9, "excluded_lines": 0}, "missing_lines": [355, 356, 358, 359, 361, 362, 366, 367, 372], "excluded_lines": []}, "SessionFeedbackRepository.__init__": {"executed_lines": [], "summary": {"covered_lines": 0, "num_statements": 1, "percent_covered": 0.0, "percent_covered_display": "0", "missing_lines": 1, "excluded_lines": 0}, "missing_lines": [379], "excluded_lines": []}, "SessionFeedbackRepository.create": {"executed_lines": [], "summary": {"covered_lines": 0, "num_statements": 5, "percent_covered": 0.0, "percent_covered_display": "0", "missing_lines": 5, "excluded_lines": 0}, "missing_lines": [383, 384, 385, 386, 387], "excluded_lines": []}, "SessionFeedbackRepository.get_by_session": {"executed_lines": [], "summary": {"covered_lines": 0, "num_statements": 2, "percent_covered": 0.0, "percent_covered_display": "0", "missing_lines": 2, "excluded_lines": 0}, "missing_lines": [391, 392], "excluded_lines": []}, "SessionFeedbackRepository.update": {"executed_lines": [], "summary": {"covered_lines": 0, "num_statements": 8, "percent_covered": 0.0, "percent_covered_display": "0", "missing_lines": 8, "excluded_lines": 0}, "missing_lines": [398, 399, 400, 401, 402, 403, 404, 405], "excluded_lines": []}, "SessionFeedbackRepository.get_all": {"executed_lines": [], "summary": {"covered_lines": 0, "num_statements": 2, "percent_covered": 0.0, "percent_covered_display": "0", "missing_lines": 2, "excluded_lines": 0}, "missing_lines": [409, 410], "excluded_lines": []}, "": {"executed_lines": [1, 5, 6, 7, 8, 11, 12, 14, 17, 22, 27, 32, 50, 68, 78, 90, 91, 93, 96, 101, 106, 124, 142, 152, 179, 180, 182, 185, 190, 198, 210, 211, 213, 216, 229, 237, 247, 261, 268, 276, 287, 292, 293, 295, 298, 306, 314, 325, 332, 341, 346, 353, 375, 376, 378, 381, 389, 396, 407], "summary": {"covered_lines": 52, "num_statements": 52, "percent_covered": 100.0, "percent_covered_display": "100", "missing_lines": 0, "excluded_lines": 0}, "missing_lines": [], "excluded_lines": []}}, "classes": {"SymptomRepository": {"executed_lines": [15, 19, 20, 24, 25, 29, 30, 34, 36, 37, 38, 39, 40, 41, 42, 43, 45, 46, 47, 48, 52, 53, 54, 55, 56, 63, 64, 65, 66, 70, 71, 72, 73, 74, 75, 76, 80, 83, 84, 85, 86, 87], "summary": {"covered_lines": 42, "num_statements": 45, "percent_covered": 93.33333333333333, "percent_covered_display": "93", "missing_lines": 3, "excluded_lines": 0}, "missing_lines": [58, 59, 61], "excluded_lines": []}, "PracticeCardRepository": {"executed_lines": [94, 98, 99, 103, 104, 108, 110, 111, 112, 113, 114, 115, 116, 117, 119, 120, 121, 122, 126, 127, 128, 129, 130, 137, 138, 139, 140, 144, 145, 146, 147, 148, 149, 150, 154, 155, 156, 158, 160, 161, 164, 165, 166, 167, 169, 171, 174, 176], "summary": {"covered_lines": 48, "num_statements": 53, "percent_covered": 90.56603773584905, "percent_covered_display": "91", "missing_lines": 5, "excluded_lines": 0}, "missing_lines": [132, 133, 135, 170, 172], "excluded_lines": []}, "SessionRepository": {"executed_lines": [], "summary": {"covered_lines": 0, "num_statements": 16, "percent_covered": 0.0, "percent_covered_display": "0", "missing_lines": 16, "excluded_lines": 0}, "missing_lines": [183, 187, 188, 192, 193, 194, 195, 196, 200, 201, 202, 203, 204, 205, 206, 207], "excluded_lines": []}, "SymptomPracticeMappingRepository": {"executed_lines": [214, 218, 219, 220, 224, 225, 231, 232, 233, 234, 235], "summary": {"covered_lines": 11, "num_statements": 34, "percent_covered": 32.35294117647059, "percent_covered_display": "32", "missing_lines": 23, "excluded_lines": 0}, "missing_lines": [239, 240, 245, 249, 250, 255, 256, 257, 258, 259, 263, 264, 270, 271, 278, 279, 280, 281, 282, 283, 284, 285, 289], "excluded_lines": []}, "PracticeCardFeedbackRepository": {"executed_lines": [], "summary": {"covered_lines": 0, "num_statements": 35, "percent_covered": 0.0, "percent_covered_display": "0", "missing_lines": 35, "excluded_lines": 0}, "missing_lines": [296, 300, 301, 302, 303, 304, 308, 309, 316, 317, 318, 319, 320, 321, 322, 323, 327, 328, 334, 335, 336, 339, 343, 344, 348, 349, 355, 356, 358, 359, 361, 362, 366, 367, 372], "excluded_lines": []}, "SessionFeedbackRepository": {"executed_lines": [], "summary": {"covered_lines": 0, "num_statements": 18, "percent_covered": 0.0, "percent_covered_display": "0", "missing_lines": 18, "excluded_lines": 0}, "missing_lines": [379, 383, 384, 385, 386, 387, 391, 392, 398, 399, 400, 401, 402, 403, 404, 405, 409, 410], "excluded_lines": []}, "": {"executed_lines": [1, 5, 6, 7, 8, 11, 12, 14, 17, 22, 27, 32, 50, 68, 78, 90, 91, 93, 96, 101, 106, 124, 142, 152, 179, 180, 182, 185, 190, 198, 210, 211, 213, 216, 229, 237, 247, 261, 268, 276, 287, 292, 293, 295, 298, 306, 314, 325, 332, 341, 346, 353, 375, 376, 378, 381, 389, 396, 407], "summary": {"covered_lines": 52, "num_statements": 52, "percent_covered": 100.0, "percent_covered_display": "100", "missing_lines": 0, "excluded_lines": 0}, "missing_lines": [], "excluded_lines": []}}}, "backend/main.py": {"executed_lines": [1, 13, 14, 15, 17, 24, 33, 35, 36, 39, 40, 44, 45, 47, 50, 51, 53], "summary": {"covered_lines": 16, "num_statements": 18, "percent_covered": 88.88888888888889, "percent_covered_display": "89", "missing_lines": 2, "excluded_lines": 0}, "missing_lines": [37, 41], "excluded_lines": [], "functions": {"root": {"executed_lines": [], "summary": {"covered_lines": 0, "num_statements": 1, "percent_covered": 0.0, "percent_covered_display": "0", "missing_lines": 1, "excluded_lines": 0}, "missing_lines": [37], "excluded_lines": []}, "health_check": {"executed_lines": [], "summary": {"covered_lines": 0, "num_statements": 1, "percent_covered": 0.0, "percent_covered_display": "0", "missing_lines": 1, "excluded_lines": 0}, "missing_lines": [41], "excluded_lines": []}, "startup_event": {"executed_lines": [47], "summary": {"covered_lines": 1, "num_statements": 1, "percent_covered": 100.0, "percent_covered_display": "100", "missing_lines": 0, "excluded_lines": 0}, "missing_lines": [], "excluded_lines": []}, "shutdown_event": {"executed_lines": [53], "summary": {"covered_lines": 1, "num_statements": 1, "percent_covered": 100.0, "percent_covered_display": "100", "missing_lines": 0, "excluded_lines": 0}, "missing_lines": [], "excluded_lines": []}, "": {"executed_lines": [1, 13, 14, 15, 17, 24, 33, 35, 36, 39, 40, 44, 45, 50, 51], "summary": {"covered_lines": 14, "num_statements": 14, "percent_covered": 100.0, "percent_covered_display": "100", "missing_lines": 0, "excluded_lines": 0}, "missing_lines": [], "excluded_lines": []}}, "classes": {"": {"executed_lines": [1, 13, 14, 15, 17, 24, 33, 35, 36, 39, 40, 44, 45, 47, 50, 51, 53], "summary": {"covered_lines": 16, "num_statements": 18, "percent_covered": 88.88888888888889, "percent_covered_display": "89", "missing_lines": 2, "excluded_lines": 0}, "missing_lines": [37, 41], "excluded_lines": []}}}, "backend/models/__init__.py": {"executed_lines": [1, 8, 9, 10, 11, 12, 13, 15], "summary": {"covered_lines": 7, "num_statements": 7, "percent_covered": 100.0, "percent_covered_display": "100", "missing_lines": 0, "excluded_lines": 0}, "missing_lines": [], "excluded_lines": [], "functions": {"": {"executed_lines": [1, 8, 9, 10, 11, 12, 13, 15], "summary": {"covered_lines": 7, "num_statements": 7, "percent_covered": 100.0, "percent_covered_display": "100", "missing_lines": 0, "excluded_lines": 0}, "missing_lines": [], "excluded_lines": []}}, "classes": {"": {"executed_lines": [1, 8, 9, 10, 11, 12, 13, 15], "summary": {"covered_lines": 7, "num_statements": 7, "percent_covered": 100.0, "percent_covered_display": "100", "missing_lines": 0, "excluded_lines": 0}, "missing_lines": [], "excluded_lines": []}}}, "backend/models/practice_card.py": {"executed_lines": [1, 4, 5, 6, 7, 10, 11, 13, 14, 15, 16, 17, 18, 19, 20, 21, 22, 24, 28, 29, 30, 31, 32, 33, 34, 35, 37, 38, 39, 40, 42, 44, 45, 46, 47, 48, 49, 50, 51, 53, 54, 55, 56, 58, 60, 61, 62, 63, 64, 65, 66, 67, 69, 70, 71, 72, 74, 76, 77, 78, 79, 80, 81, 82, 83, 85, 86, 87, 88, 90], "summary": {"covered_lines": 69, "num_statements": 70, "percent_covered": 98.57142857142857, "percent_covered_display": "99", "missing_lines": 1, "excluded_lines": 0}, "missing_lines": [25], "excluded_lines": [], "functions": {"PracticeCard.__repr__": {"executed_lines": [], "summary": {"covered_lines": 0, "num_statements": 1, "percent_covered": 0.0, "percent_covered_display": "0", "missing_lines": 1, "excluded_lines": 0}, "missing_lines": [25], "excluded_lines": []}, "PracticeCard.tips": {"executed_lines": [39, 40, 42], "summary": {"covered_lines": 3, "num_statements": 3, "percent_covered": 100.0, "percent_covered_display": "100", "missing_lines": 0, "excluded_lines": 0}, "missing_lines": [], "excluded_lines": []}, "PracticeCard.level": {"executed_lines": [55, 56, 58], "summary": {"covered_lines": 3, "num_statements": 3, "percent_covered": 100.0, "percent_covered_display": "100", "missing_lines": 0, "excluded_lines": 0}, "missing_lines": [], "excluded_lines": []}, "PracticeCard.terrain": {"executed_lines": [71, 72, 74], "summary": {"covered_lines": 3, "num_statements": 3, "percent_covered": 100.0, "percent_covered_display": "100", "missing_lines": 0, "excluded_lines": 0}, "missing_lines": [], "excluded_lines": []}, "PracticeCard.self_check": {"executed_lines": [87, 88, 90], "summary": {"covered_lines": 3, "num_statements": 3, "percent_covered": 100.0, "percent_covered_display": "100", "missing_lines": 0, "excluded_lines": 0}, "missing_lines": [], "excluded_lines": []}, "": {"executed_lines": [1, 4, 5, 6, 7, 10, 11, 13, 14, 15, 16, 17, 18, 19, 20, 21, 22, 24, 28, 29, 37, 38, 44, 45, 53, 54, 60, 61, 69, 70, 76, 77, 85, 86], "summary": {"covered_lines": 33, "num_statements": 33, "percent_covered": 100.0, "percent_covered_display": "100", "missing_lines": 0, "excluded_lines": 0}, "missing_lines": [], "excluded_lines": []}}, "classes": {"PracticeCard": {"executed_lines": [30, 31, 32, 33, 34, 35, 39, 40, 42, 46, 47, 48, 49, 50, 51, 55, 56, 58, 62, 63, 64, 65, 66, 67, 71, 72, 74, 78, 79, 80, 81, 82, 83, 87, 88, 90], "summary": {"covered_lines": 36, "num_statements": 37, "percent_covered": 97.29729729729729, "percent_covered_display": "97", "missing_lines": 1, "excluded_lines": 0}, "missing_lines": [25], "excluded_lines": []}, "": {"executed_lines": [1, 4, 5, 6, 7, 10, 11, 13, 14, 15, 16, 17, 18, 19, 20, 21, 22, 24, 28, 29, 37, 38, 44, 45, 53, 54, 60, 61, 69, 70, 76, 77, 85, 86], "summary": {"covered_lines": 33, "num_statements": 33, "percent_covered": 100.0, "percent_covered_display": "100", "missing_lines": 0, "excluded_lines": 0}, "missing_lines": [], "excluded_lines": []}}}, "backend/models/practice_card_feedback.py": {"executed_lines": [1, 4, 5, 6, 8, 9, 11, 12, 13, 14, 15, 16, 17, 20, 21, 23], "summary": {"covered_lines": 15, "num_statements": 16, "percent_covered": 93.75, "percent_covered_display": "94", "missing_lines": 1, "excluded_lines": 0}, "missing_lines": [24], "excluded_lines": [], "functions": {"PracticeCardFeedback.__repr__": {"executed_lines": [], "summary": {"covered_lines": 0, "num_statements": 1, "percent_covered": 0.0, "percent_covered_display": "0", "missing_lines": 1, "excluded_lines": 0}, "missing_lines": [24], "excluded_lines": []}, "": {"executed_lines": [1, 4, 5, 6, 8, 9, 11, 12, 13, 14, 15, 16, 17, 20, 21, 23], "summary": {"covered_lines": 15, "num_statements": 15, "percent_covered": 100.0, "percent_covered_display": "100", "missing_lines": 0, "excluded_lines": 0}, "missing_lines": [], "excluded_lines": []}}, "classes": {"PracticeCardFeedback": {"executed_lines": [], "summary": {"covered_lines": 0, "num_statements": 1, "percent_covered": 0.0, "percent_covered_display": "0", "missing_lines": 1, "excluded_lines": 0}, "missing_lines": [24], "excluded_lines": []}, "": {"executed_lines": [1, 4, 5, 6, 8, 9, 11, 12, 13, 14, 15, 16, 17, 20, 21, 23], "summary": {"covered_lines": 15, "num_statements": 15, "percent_covered": 100.0, "percent_covered_display": "100", "missing_lines": 0, "excluded_lines": 0}, "missing_lines": [], "excluded_lines": []}}}, "backend/models/session.py": {"executed_lines": [1, 4, 5, 6, 8, 9, 11, 12, 13, 14, 15, 16, 17, 18, 19, 22, 23, 25], "summary": {"covered_lines": 17, "num_statements": 18, "percent_covered": 94.44444444444444, "percent_covered_display": "94", "missing_lines": 1, "excluded_lines": 0}, "missing_lines": [26], "excluded_lines": [], "functions": {"Session.__repr__": {"executed_lines": [], "summary": {"covered_lines": 0, "num_statements": 1, "percent_covered": 0.0, "percent_covered_display": "0", "missing_lines": 1, "excluded_lines": 0}, "missing_lines": [26], "excluded_lines": []}, "": {"executed_lines": [1, 4, 5, 6, 8, 9, 11, 12, 13, 14, 15, 16, 17, 18, 19, 22, 23, 25], "summary": {"covered_lines": 17, "num_statements": 17, "percent_covered": 100.0, "percent_covered_display": "100", "missing_lines": 0, "excluded_lines": 0}, "missing_lines": [], "excluded_lines": []}}, "classes": {"Session": {"executed_lines": [], "summary": {"covered_lines": 0, "num_statements": 1, "percent_covered": 0.0, "percent_covered_display": "0", "missing_lines": 1, "excluded_lines": 0}, "missing_lines": [26], "excluded_lines": []}, "": {"executed_lines": [1, 4, 5, 6, 8, 9, 11, 12, 13, 14, 15, 16, 17, 18, 19, 22, 23, 25], "summary": {"covered_lines": 17, "num_statements": 17, "percent_covered": 100.0, "percent_covered_display": "100", "missing_lines": 0, "excluded_lines": 0}, "missing_lines": [], "excluded_lines": []}}}, "backend/models/session_feedback.py": {"executed_lines": [1, 4, 5, 6, 8, 9, 11, 12, 13, 14, 15, 16, 19, 21], "summary": {"covered_lines": 13, "num_statements": 14, "percent_covered": 92.85714285714286, "percent_covered_display": "93", "missing_lines": 1, "excluded_lines": 0}, "missing_lines": [22], "excluded_lines": [], "functions": {"SessionFeedback.__repr__": {"executed_lines": [], "summary": {"covered_lines": 0, "num_statements": 1, "percent_covered": 0.0, "percent_covered_display": "0", "missing_lines": 1, "excluded_lines": 0}, "missing_lines": [22], "excluded_lines": []}, "": {"executed_lines": [1, 4, 5, 6, 8, 9, 11, 12, 13, 14, 15, 16, 19, 21], "summary": {"covered_lines": 13, "num_statements": 13, "percent_covered": 100.0, "percent_covered_display": "100", "missing_lines": 0, "excluded_lines": 0}, "missing_lines": [], "excluded_lines": []}}, "classes": {"SessionFeedback": {"executed_lines": [], "summary": {"covered_lines": 0, "num_statements": 1, "percent_covered": 0.0, "percent_covered_display": "0", "missing_lines": 1, "excluded_lines": 0}, "missing_lines": [22], "excluded_lines": []}, "": {"executed_lines": [1, 4, 5, 6, 8, 9, 11, 12, 13, 14, 15, 16, 19, 21], "summary": {"covered_lines": 13, "num_statements": 13, "percent_covered": 100.0, "percent_covered_display": "100", "missing_lines": 0, "excluded_lines": 0}, "missing_lines": [], "excluded_lines": []}}}, "backend/models/simple_models.py": {"executed_lines": [], "summary": {"covered_lines": 0, "num_statements": 9, "percent_covered": 0.0, "percent_covered_display": "0", "missing_lines": 9, "excluded_lines": 0}, "missing_lines": [7, 10, 25, 36, 54, 68, 85, 98, 109], "excluded_lines": [], "functions": {"create_symptom_model": {"executed_lines": [], "summary": {"covered_lines": 0, "num_statements": 1, "percent_covered": 0.0, "percent_covered_display": "0", "missing_lines": 1, "excluded_lines": 0}, "missing_lines": [25], "excluded_lines": []}, "create_practice_card_model": {"executed_lines": [], "summary": {"covered_lines": 0, "num_statements": 1, "percent_covered": 0.0, "percent_covered_display": "0", "missing_lines": 1, "excluded_lines": 0}, "missing_lines": [54], "excluded_lines": []}, "create_session_model": {"executed_lines": [], "summary": {"covered_lines": 0, "num_statements": 1, "percent_covered": 0.0, "percent_covered_display": "0", "missing_lines": 1, "excluded_lines": 0}, "missing_lines": [85], "excluded_lines": []}, "create_symptom_practice_mapping_model": {"executed_lines": [], "summary": {"covered_lines": 0, "num_statements": 1, "percent_covered": 0.0, "percent_covered_display": "0", "missing_lines": 1, "excluded_lines": 0}, "missing_lines": [109], "excluded_lines": []}, "": {"executed_lines": [], "summary": {"covered_lines": 0, "num_statements": 5, "percent_covered": 0.0, "percent_covered_display": "0", "missing_lines": 5, "excluded_lines": 0}, "missing_lines": [7, 10, 36, 68, 98], "excluded_lines": []}}, "classes": {"": {"executed_lines": [], "summary": {"covered_lines": 0, "num_statements": 9, "percent_covered": 0.0, "percent_covered_display": "0", "missing_lines": 9, "excluded_lines": 0}, "missing_lines": [7, 10, 25, 36, 54, 68, 85, 98, 109], "excluded_lines": []}}}, "backend/models/symptom.py": {"executed_lines": [1, 4, 5, 6, 7, 8, 11, 12, 14, 15, 16, 17, 18, 19, 20, 22, 26, 27, 28, 29, 30, 31, 32, 33, 35, 36, 37, 38, 40, 42, 43, 44, 45, 46, 47, 48, 49, 51, 52, 53, 54, 56, 58, 59, 60, 61, 62, 63, 64, 65, 67, 68, 69, 70, 72, 74, 75, 76, 77, 78, 79, 80, 81, 83, 84, 85, 86, 88], "summary": {"covered_lines": 67, "num_statements": 68, "percent_covered": 98.52941176470588, "percent_covered_display": "99", "missing_lines": 1, "excluded_lines": 0}, "missing_lines": [23], "excluded_lines": [], "functions": {"Symptom.__repr__": {"executed_lines": [], "summary": {"covered_lines": 0, "num_statements": 1, "percent_covered": 0.0, "percent_covered_display": "0", "missing_lines": 1, "excluded_lines": 0}, "missing_lines": [23], "excluded_lines": []}, "Symptom.synonyms": {"executed_lines": [37, 38, 40], "summary": {"covered_lines": 3, "num_statements": 3, "percent_covered": 100.0, "percent_covered_display": "100", "missing_lines": 0, "excluded_lines": 0}, "missing_lines": [], "excluded_lines": []}, "Symptom.level_scope": {"executed_lines": [53, 54, 56], "summary": {"covered_lines": 3, "num_statements": 3, "percent_covered": 100.0, "percent_covered_display": "100", "missing_lines": 0, "excluded_lines": 0}, "missing_lines": [], "excluded_lines": []}, "Symptom.terrain_scope": {"executed_lines": [69, 70, 72], "summary": {"covered_lines": 3, "num_statements": 3, "percent_covered": 100.0, "percent_covered_display": "100", "missing_lines": 0, "excluded_lines": 0}, "missing_lines": [], "excluded_lines": []}, "Symptom.style_scope": {"executed_lines": [85, 86, 88], "summary": {"covered_lines": 3, "num_statements": 3, "percent_covered": 100.0, "percent_covered_display": "100", "missing_lines": 0, "excluded_lines": 0}, "missing_lines": [], "excluded_lines": []}, "": {"executed_lines": [1, 4, 5, 6, 7, 8, 11, 12, 14, 15, 16, 17, 18, 19, 20, 22, 26, 27, 35, 36, 42, 43, 51, 52, 58, 59, 67, 68, 74, 75, 83, 84], "summary": {"covered_lines": 31, "num_statements": 31, "percent_covered": 100.0, "percent_covered_display": "100", "missing_lines": 0, "excluded_lines": 0}, "missing_lines": [], "excluded_lines": []}}, "classes": {"Symptom": {"executed_lines": [28, 29, 30, 31, 32, 33, 37, 38, 40, 44, 45, 46, 47, 48, 49, 53, 54, 56, 60, 61, 62, 63, 64, 65, 69, 70, 72, 76, 77, 78, 79, 80, 81, 85, 86, 88], "summary": {"covered_lines": 36, "num_statements": 37, "percent_covered": 97.29729729729729, "percent_covered_display": "97", "missing_lines": 1, "excluded_lines": 0}, "missing_lines": [23], "excluded_lines": []}, "": {"executed_lines": [1, 4, 5, 6, 7, 8, 11, 12, 14, 15, 16, 17, 18, 19, 20, 22, 26, 27, 35, 36, 42, 43, 51, 52, 58, 59, 67, 68, 74, 75, 83, 84], "summary": {"covered_lines": 31, "num_statements": 31, "percent_covered": 100.0, "percent_covered_display": "100", "missing_lines": 0, "excluded_lines": 0}, "missing_lines": [], "excluded_lines": []}}}, "backend/models/symptom_practice_mapping.py": {"executed_lines": [1, 4, 5, 7, 8, 10, 11, 12, 14], "summary": {"covered_lines": 8, "num_statements": 9, "percent_covered": 88.88888888888889, "percent_covered_display": "89", "missing_lines": 1, "excluded_lines": 0}, "missing_lines": [15], "excluded_lines": [], "functions": {"SymptomPracticeMapping.__repr__": {"executed_lines": [], "summary": {"covered_lines": 0, "num_statements": 1, "percent_covered": 0.0, "percent_covered_display": "0", "missing_lines": 1, "excluded_lines": 0}, "missing_lines": [15], "excluded_lines": []}, "": {"executed_lines": [1, 4, 5, 7, 8, 10, 11, 12, 14], "summary": {"covered_lines": 8, "num_statements": 8, "percent_covered": 100.0, "percent_covered_display": "100", "missing_lines": 0, "excluded_lines": 0}, "missing_lines": [], "excluded_lines": []}}, "classes": {"SymptomPracticeMapping": {"executed_lines": [], "summary": {"covered_lines": 0, "num_statements": 1, "percent_covered": 0.0, "percent_covered_display": "0", "missing_lines": 1, "excluded_lines": 0}, "missing_lines": [15], "excluded_lines": []}, "": {"executed_lines": [1, 4, 5, 7, 8, 10, 11, 12, 14], "summary": {"covered_lines": 8, "num_statements": 8, "percent_covered": 100.0, "percent_covered_display": "100", "missing_lines": 0, "excluded_lines": 0}, "missing_lines": [], "excluded_lines": []}}}, "backend/services/data_extraction_service.py": {"executed_lines": [1, 6, 7, 8, 9, 10, 11, 12, 14, 16, 77, 147, 188, 213, 255, 294], "summary": {"covered_lines": 15, "num_statements": 108, "percent_covered": 13.88888888888889, "percent_covered_display": "14", "missing_lines": 93, "excluded_lines": 0}, "missing_lines": [28, 29, 32, 45, 46, 47, 48, 49, 56, 60, 61, 62, 68, 69, 71, 72, 74, 89, 90, 93, 99, 100, 101, 102, 109, 114, 115, 116, 117, 123, 128, 129, 130, 131, 132, 138, 139, 141, 142, 144, 161, 162, 164, 165, 166, 173, 174, 175, 176, 177, 179, 180, 182, 183, 185, 200, 201, 202, 204, 205, 207, 208, 210, 223, 225, 228, 231, 234, 237, 238, 240, 241, 243, 244, 246, 263, 264, 267, 268, 269, 271, 273, 278, 281, 282, 283, 284, 286, 288, 289, 290, 300, 302], "excluded_lines": [], "functions": {"extract_symptoms_from_text": {"executed_lines": [], "summary": {"covered_lines": 0, "num_statements": 17, "percent_covered": 0.0, "percent_covered_display": "0", "missing_lines": 17, "excluded_lines": 0}, "missing_lines": [28, 29, 32, 45, 46, 47, 48, 49, 56, 60, 61, 62, 68, 69, 71, 72, 74], "excluded_lines": []}, "extract_practice_suggestions_from_text": {"executed_lines": [], "summary": {"covered_lines": 0, "num_statements": 23, "percent_covered": 0.0, "percent_covered_display": "0", "missing_lines": 23, "excluded_lines": 0}, "missing_lines": [89, 90, 93, 99, 100, 101, 102, 109, 114, 115, 116, 117, 123, 128, 129, 130, 131, 132, 138, 139, 141, 142, 144], "excluded_lines": []}, "create_structured_knowledge": {"executed_lines": [], "summary": {"covered_lines": 0, "num_statements": 15, "percent_covered": 0.0, "percent_covered_display": "0", "missing_lines": 15, "excluded_lines": 0}, "missing_lines": [161, 162, 164, 165, 166, 173, 174, 175, 176, 177, 179, 180, 182, 183, 185], "excluded_lines": []}, "mark_as_pending_review": {"executed_lines": [], "summary": {"covered_lines": 0, "num_statements": 8, "percent_covered": 0.0, "percent_covered_display": "0", "missing_lines": 8, "excluded_lines": 0}, "missing_lines": [200, 201, 202, 204, 205, 207, 208, 210], "excluded_lines": []}, "extract_and_structure_knowledge": {"executed_lines": [], "summary": {"covered_lines": 0, "num_statements": 12, "percent_covered": 0.0, "percent_covered_display": "0", "missing_lines": 12, "excluded_lines": 0}, "missing_lines": [223, 225, 228, 231, 234, 237, 238, 240, 241, 243, 244, 246], "excluded_lines": []}, "save_extracted_knowledge": {"executed_lines": [], "summary": {"covered_lines": 0, "num_statements": 16, "percent_covered": 0.0, "percent_covered_display": "0", "missing_lines": 16, "excluded_lines": 0}, "missing_lines": [263, 264, 267, 268, 269, 271, 273, 278, 281, 282, 283, 284, 286, 288, 289, 290], "excluded_lines": []}, "process_data_extraction_request": {"executed_lines": [], "summary": {"covered_lines": 0, "num_statements": 2, "percent_covered": 0.0, "percent_covered_display": "0", "missing_lines": 2, "excluded_lines": 0}, "missing_lines": [300, 302], "excluded_lines": []}, "": {"executed_lines": [1, 6, 7, 8, 9, 10, 11, 12, 14, 16, 77, 147, 188, 213, 255, 294], "summary": {"covered_lines": 15, "num_statements": 15, "percent_covered": 100.0, "percent_covered_display": "100", "missing_lines": 0, "excluded_lines": 0}, "missing_lines": [], "excluded_lines": []}}, "classes": {"": {"executed_lines": [1, 6, 7, 8, 9, 10, 11, 12, 14, 16, 77, 147, 188, 213, 255, 294], "summary": {"covered_lines": 15, "num_statements": 108, "percent_covered": 13.88888888888889, "percent_covered_display": "14", "missing_lines": 93, "excluded_lines": 0}, "missing_lines": [28, 29, 32, 45, 46, 47, 48, 49, 56, 60, 61, 62, 68, 69, 71, 72, 74, 89, 90, 93, 99, 100, 101, 102, 109, 114, 115, 116, 117, 123, 128, 129, 130, 131, 132, 138, 139, 141, 142, 144, 161, 162, 164, 165, 166, 173, 174, 175, 176, 177, 179, 180, 182, 183, 185, 200, 201, 202, 204, 205, 207, 208, 210, 223, 225, 228, 231, 234, 237, 238, 240, 241, 243, 244, 246, 263, 264, 267, 268, 269, 271, 273, 278, 281, 282, 283, 284, 286, 288, 289, 290, 300, 302], "excluded_lines": []}}}, "backend/services/followup_questions.py": {"executed_lines": [1, 6, 7, 8, 9, 10, 11, 13, 16, 25, 42, 43, 46, 47, 50, 51, 52, 53, 54, 55, 56, 57, 58, 62, 63, 66, 68, 70, 85, 88, 90, 91, 92, 93, 94, 95, 98, 100, 103, 105, 107, 122, 124, 125, 128, 131, 134, 137, 138, 139, 141, 148, 149, 151, 158, 169, 172, 173, 174, 177, 178, 179, 181, 182, 183, 184, 187, 188, 192], "summary": {"covered_lines": 68, "num_statements": 68, "percent_covered": 100.0, "percent_covered_display": "100", "missing_lines": 0, "excluded_lines": 0}, "missing_lines": [], "excluded_lines": [], "functions": {"assess_confidence": {"executed_lines": [42, 43, 46, 47, 50, 51, 52, 53, 54, 55, 56, 57, 58, 62, 63, 66, 68], "summary": {"covered_lines": 17, "num_statements": 17, "percent_covered": 100.0, "percent_covered_display": "100", "missing_lines": 0, "excluded_lines": 0}, "missing_lines": [], "excluded_lines": []}, "generate_followup_questions": {"executed_lines": [85, 88, 90, 91, 92, 93, 94, 95, 98, 100, 103, 105], "summary": {"covered_lines": 12, "num_statements": 12, "percent_covered": 100.0, "percent_covered_display": "100", "missing_lines": 0, "excluded_lines": 0}, "missing_lines": [], "excluded_lines": []}, "get_followup_needs": {"executed_lines": [122, 124, 125, 128, 131, 134, 137, 138, 139, 141, 148, 149, 151], "summary": {"covered_lines": 13, "num_statements": 13, "percent_covered": 100.0, "percent_covered_display": "100", "missing_lines": 0, "excluded_lines": 0}, "missing_lines": [], "excluded_lines": []}, "identify_simple_symptom": {"executed_lines": [169, 172, 173, 174, 177, 178, 179, 181, 182, 183, 184, 187, 188, 192], "summary": {"covered_lines": 14, "num_statements": 14, "percent_covered": 100.0, "percent_covered_display": "100", "missing_lines": 0, "excluded_lines": 0}, "missing_lines": [], "excluded_lines": []}, "": {"executed_lines": [1, 6, 7, 8, 9, 10, 11, 13, 16, 25, 70, 107, 158], "summary": {"covered_lines": 12, "num_statements": 12, "percent_covered": 100.0, "percent_covered_display": "100", "missing_lines": 0, "excluded_lines": 0}, "missing_lines": [], "excluded_lines": []}}, "classes": {"": {"executed_lines": [1, 6, 7, 8, 9, 10, 11, 13, 16, 25, 42, 43, 46, 47, 50, 51, 52, 53, 54, 55, 56, 57, 58, 62, 63, 66, 68, 70, 85, 88, 90, 91, 92, 93, 94, 95, 98, 100, 103, 105, 107, 122, 124, 125, 128, 131, 134, 137, 138, 139, 141, 148, 149, 151, 158, 169, 172, 173, 174, 177, 178, 179, 181, 182, 183, 184, 187, 188, 192], "summary": {"covered_lines": 68, "num_statements": 68, "percent_covered": 100.0, "percent_covered_display": "100", "missing_lines": 0, "excluded_lines": 0}, "missing_lines": [], "excluded_lines": []}}}, "backend/services/personalization_service.py": {"executed_lines": [1, 6, 7, 8, 9, 10, 11, 14, 83], "summary": {"covered_lines": 8, "num_statements": 38, "percent_covered": 21.05263157894737, "percent_covered_display": "21", "missing_lines": 30, "excluded_lines": 0}, "missing_lines": [25, 28, 32, 33, 40, 41, 43, 44, 45, 46, 47, 48, 51, 52, 55, 56, 57, 62, 96, 97, 98, 101, 104, 109, 112, 119, 120, 121, 129, 131], "excluded_lines": [], "functions": {"get_user_preference_analysis": {"executed_lines": [], "summary": {"covered_lines": 0, "num_statements": 18, "percent_covered": 0.0, "percent_covered_display": "0", "missing_lines": 18, "excluded_lines": 0}, "missing_lines": [25, 28, 32, 33, 40, 41, 43, 44, 45, 46, 47, 48, 51, 52, 55, 56, 57, 62], "excluded_lines": []}, "get_personalized_recommendations": {"executed_lines": [], "summary": {"covered_lines": 0, "num_statements": 12, "percent_covered": 0.0, "percent_covered_display": "0", "missing_lines": 12, "excluded_lines": 0}, "missing_lines": [96, 97, 98, 101, 104, 109, 112, 119, 120, 121, 129, 131], "excluded_lines": []}, "": {"executed_lines": [1, 6, 7, 8, 9, 10, 11, 14, 83], "summary": {"covered_lines": 8, "num_statements": 8, "percent_covered": 100.0, "percent_covered_display": "100", "missing_lines": 0, "excluded_lines": 0}, "missing_lines": [], "excluded_lines": []}}, "classes": {"": {"executed_lines": [1, 6, 7, 8, 9, 10, 11, 14, 83], "summary": {"covered_lines": 8, "num_statements": 38, "percent_covered": 21.05263157894737, "percent_covered_display": "21", "missing_lines": 30, "excluded_lines": 0}, "missing_lines": [25, 28, 32, 33, 40, 41, 43, 44, 45, 46, 47, 48, 51, 52, 55, 56, 57, 62, 96, 97, 98, 101, 104, 109, 112, 119, 120, 121, 129, 131], "excluded_lines": []}}}, "backend/services/simple_ski_tips.py": {"executed_lines": [1, 10, 11, 12, 13, 14, 15, 20, 21, 23, 26, 33, 35, 36, 37, 40, 43, 46, 49, 52, 54, 62, 66, 69, 70, 71, 72, 73, 74, 77, 78, 79, 81, 82, 83, 86, 90, 96, 106, 108, 110, 111, 114, 115, 116, 117, 120, 121, 122, 123, 125, 128, 131, 135, 136, 139, 140, 143, 144, 147, 148, 151, 153, 155, 158, 162, 164, 165, 166, 168, 169, 172, 176, 191, 197, 198, 199, 201, 203], "summary": {"covered_lines": 78, "num_statements": 81, "percent_covered": 96.29629629629629, "percent_covered_display": "96", "missing_lines": 3, "excluded_lines": 0}, "missing_lines": [56, 57, 59], "excluded_lines": [], "functions": {"get_ski_tips": {"executed_lines": [33, 35, 36, 37, 40, 43, 46, 49, 52, 54], "summary": {"covered_lines": 10, "num_statements": 13, "percent_covered": 76.92307692307692, "percent_covered_display": "77", "missing_lines": 3, "excluded_lines": 0}, "missing_lines": [56, 57, 59], "excluded_lines": []}, "identify_symptom": {"executed_lines": [66, 69, 70, 71, 72, 73, 74, 77, 78, 79, 81, 82, 83, 86, 90], "summary": {"covered_lines": 15, "num_statements": 15, "percent_covered": 100.0, "percent_covered_display": "100", "missing_lines": 0, "excluded_lines": 0}, "missing_lines": [], "excluded_lines": []}, "filter_cards_by_conditions": {"executed_lines": [106, 108, 110, 111, 114, 115, 116, 117, 120, 121, 122, 123, 125, 128], "summary": {"covered_lines": 14, "num_statements": 14, "percent_covered": 100.0, "percent_covered_display": "100", "missing_lines": 0, "excluded_lines": 0}, "missing_lines": [], "excluded_lines": []}, "rank_cards": {"executed_lines": [135, 155], "summary": {"covered_lines": 2, "num_statements": 2, "percent_covered": 100.0, "percent_covered_displa
[...]
100.0, "percent_covered_display": "100", "missing_lines": 0, "excluded_lines": 0}, "missing_lines": [], "excluded_lines": []}, "": {"executed_lines": [1, 5, 6, 7, 10, 11, 13, 24, 37, 43, 57, 69, 83, 89], "summary": {"covered_lines": 12, "num_statements": 12, "percent_covered": 100.0, "percent_covered_display": "100", "missing_lines": 0, "excluded_lines": 0}, "missing_lines": [], "excluded_lines": []}}}, "backend/tests/unit/repositories/test_symptom_repository.py": {"executed_lines": [1, 5, 6, 7, 10, 11, 13, 15, 18, 19, 21, 22, 23, 25, 27, 30, 31, 34, 36, 37, 38, 40, 42, 43, 44, 46, 48, 51, 52, 55, 57, 58, 60, 62, 65, 66, 67, 68, 69, 72, 74, 76, 78, 81, 82, 85, 87, 88, 90, 92, 95, 96, 99, 101, 104, 105, 107, 109, 110, 111, 113, 115, 118, 119, 122, 124, 125], "summary": {"covered_lines": 65, "num_statements": 65, "percent_covered": 100.0, "percent_covered_display": "100", "missing_lines": 0, "excluded_lines": 0}, "missing_lines": [], "excluded_lines": [], "functions": {"TestSymptomRepository.test_create_symptom": {"executed_lines": [15, 18, 19, 21, 22, 23], "summary": {"covered_lines": 6, "num_statements": 6, "percent_covered": 100.0, "percent_covered_display": "100", "missing_lines": 0, "excluded_lines": 0}, "missing_lines": [], "excluded_lines": []}, "TestSymptomRepository.test_get_by_id": {"executed_lines": [27, 30, 31, 34, 36, 37, 38], "summary": {"covered_lines": 7, "num_statements": 7, "percent_covered": 100.0, "percent_covered_display": "100", "missing_lines": 0, "excluded_lines": 0}, "missing_lines": [], "excluded_lines": []}, "TestSymptomRepository.test_get_by_id_not_found": {"executed_lines": [42, 43, 44], "summary": {"covered_lines": 3, "num_statements": 3, "percent_covered": 100.0, "percent_covered_display": "100", "missing_lines": 0, "excluded_lines": 0}, "missing_lines": [], "excluded_lines": []}, "TestSymptomRepository.test_get_by_name": {"executed_lines": [48, 51, 52, 55, 57, 58], "summary": {"covered_lines": 6, "num_statements": 6, "percent_covered": 100.0, "percent_covered_display": "100", "missing_lines": 0, "excluded_lines": 0}, "missing_lines": [], "excluded_lines": []}, "TestSymptomRepository.test_get_all": {"executed_lines": [62, 65, 66, 67, 68, 69, 72, 74], "summary": {"covered_lines": 8, "num_statements": 8, "percent_covered": 100.0, "percent_covered_display": "100", "missing_lines": 0, "excluded_lines": 0}, "missing_lines": [], "excluded_lines": []}, "TestSymptomRepository.test_update_symptom": {"executed_lines": [78, 81, 82, 85, 87, 88], "summary": {"covered_lines": 6, "num_statements": 6, "percent_covered": 100.0, "percent_covered_display": "100", "missing_lines": 0, "excluded_lines": 0}, "missing_lines": [], "excluded_lines": []}, "TestSymptomRepository.test_delete_symptom": {"executed_lines": [92, 95, 96, 99, 101, 104, 105], "summary": {"covered_lines": 7, "num_statements": 7, "percent_covered": 100.0, "percent_covered_display": "100", "missing_lines": 0, "excluded_lines": 0}, "missing_lines": [], "excluded_lines": []}, "TestSymptomRepository.test_delete_nonexistent_symptom": {"executed_lines": [109, 110, 111], "summary": {"covered_lines": 3, "num_statements": 3, "percent_covered": 100.0, "percent_covered_display": "100", "missing_lines": 0, "excluded_lines": 0}, "missing_lines": [], "excluded_lines": []}, "TestSymptomRepository.test_find_by_synonym": {"executed_lines": [115, 118, 119, 122, 124, 125], "summary": {"covered_lines": 6, "num_statements": 6, "percent_covered": 100.0, "percent_covered_display": "100", "missing_lines": 0, "excluded_lines": 0}, "missing_lines": [], "excluded_lines": []}, "": {"executed_lines": [1, 5, 6, 7, 10, 11, 13, 25, 40, 46, 60, 76, 90, 107, 113], "summary": {"covered_lines": 13, "num_statements": 13, "percent_covered": 100.0, "percent_covered_display": "100", "missing_lines": 0, "excluded_lines": 0}, "missing_lines": [], "excluded_lines": []}}, "classes": {"TestSymptomRepository": {"executed_lines": [15, 18, 19, 21, 22, 23, 27, 30, 31, 34, 36, 37, 38, 42, 43, 44, 48, 51, 52, 55, 57, 58, 62, 65, 66, 67, 68, 69, 72, 74, 78, 81, 82, 85, 87, 88, 92, 95, 96, 99, 101, 104, 105, 109, 110, 111, 115, 118, 119, 122, 124, 125], "summary": {"covered_lines": 52, "num_statements": 52, "percent_covered": 100.0, "percent_covered_display": "100", "missing_lines": 0, "excluded_lines": 0}, "missing_lines": [], "excluded_lines": []}, "": {"executed_lines": [1, 5, 6, 7, 10, 11, 13, 25, 40, 46, 60, 76, 90, 107, 113], "summary": {"covered_lines": 13, "num_statements": 13, "percent_covered": 100.0, "percent_covered_display": "100", "missing_lines": 0, "excluded_lines": 0}, "missing_lines": [], "excluded_lines": []}}}, "backend/tests/unit/services/__init__.py": {"executed_lines": [0], "summary": {"covered_lines": 0, "num_statements": 0, "percent_covered": 100.0, "percent_covered_display": "100", "missing_lines": 0, "excluded_lines": 0}, "missing_lines": [], "excluded_lines": [], "functions": {"": {"executed_lines": [], "summary": {"covered_lines": 0, "num_statements": 0, "percent_covered": 100.0, "percent_covered_display": "100", "missing_lines": 0, "excluded_lines": 0}, "missing_lines": [], "excluded_lines": []}}, "classes": {"": {"executed_lines": [], "summary": {"covered_lines": 0, "num_statements": 0, "percent_covered": 100.0, "percent_covered_display": "100", "missing_lines": 0, "excluded_lines": 0}, "missing_lines": [], "excluded_lines": []}}}, "backend/tests/unit/services/test_followup_questions.py": {"executed_lines": [1, 5, 6, 12, 13, 16, 17, 19, 21, 27, 36, 37, 39, 41, 46, 54, 55, 57, 59, 61, 69, 70, 72, 74, 76, 84, 85, 87, 89, 91, 100, 102, 104, 110, 119, 121, 123, 129, 137, 138, 140, 142, 143, 145, 152, 154, 156, 158, 159, 161, 168, 170, 172, 173, 175, 182, 184, 186, 187, 189, 196, 197, 199, 201, 203, 208, 210, 212, 213, 215, 217, 219, 223, 225, 227, 228, 230, 232, 234, 236, 237, 239, 241, 244, 249, 251, 259, 260, 261, 262, 264, 266, 268, 270, 274, 276, 284, 285, 286, 288, 290, 292, 297, 299, 307, 309, 312, 321, 322, 323], "summary": {"covered_lines": 108, "num_statements": 108, "percent_covered": 100.0, "percent_covered_display": "100", "missing_lines": 0, "excluded_lines": 0}, "missing_lines": [], "excluded_lines": [], "functions": {"TestFollowupQuestions.test_assess_confidence_high": {"executed_lines": [21, 27, 36, 37], "summary": {"covered_lines": 4, "num_statements": 4, "percent_covered": 100.0, "percent_covered_display": "100", "missing_lines": 0, "excluded_lines": 0}, "missing_lines": [], "excluded_lines": []}, "TestFollowupQuestions.test_assess_confidence_missing_level": {"executed_lines": [41, 46, 54, 55], "summary": {"covered_lines": 4, "num_statements": 4, "percent_covered": 100.0, "percent_covered_display": "100", "missing_lines": 0, "excluded_lines": 0}, "missing_lines": [], "excluded_lines": []}, "TestFollowupQuestions.test_assess_confidence_missing_terrain": {"executed_lines": [59, 61, 69, 70], "summary": {"covered_lines": 4, "num_statements": 4, "percent_covered": 100.0, "percent_covered_display": "100", "missing_lines": 0, "excluded_lines": 0}, "missing_lines": [], "excluded_lines": []}, "TestFollowupQuestions.test_assess_confidence_missing_style": {"executed_lines": [74, 76, 84, 85], "summary": {"covered_lines": 4, "num_statements": 4, "percent_covered": 100.0, "percent_covered_display": "100", "missing_lines": 0, "excluded_lines": 0}, "missing_lines": [], "excluded_lines": []}, "TestFollowupQuestions.test_assess_confidence_short_input": {"executed_lines": [89, 91, 100], "summary": {"covered_lines": 3, "num_statements": 3, "percent_covered": 100.0, "percent_covered_display": "100", "missing_lines": 0, "excluded_lines": 0}, "missing_lines": [], "excluded_lines": []}, "TestFollowupQuestions.test_assess_confidence_many_synonyms": {"executed_lines": [104, 110, 119], "summary": {"covered_lines": 3, "num_statements": 3, "percent_covered": 100.0, "percent_covered_display": "100", "missing_lines": 0, "excluded_lines": 0}, "missing_lines": [], "excluded_lines": []}, "TestFollowupQuestions.test_assess_confidence_minimum_zero": {"executed_lines": [123, 129, 137, 138], "summary": {"covered_lines": 4, "num_statements": 4, "percent_covered": 100.0, "percent_covered_display": "100", "missing_lines": 0, "excluded_lines": 0}, "missing_lines": [], "excluded_lines": []}, "TestFollowupQuestions.test_generate_followup_questions_low_confidence": {"executed_lines": [142, 143, 145, 152, 154], "summary": {"covered_lines": 5, "num_statements": 5, "percent_covered": 100.0, "percent_covered_display": "100", "missing_lines": 0, "excluded_lines": 0}, "missing_lines": [], "excluded_lines": []}, "TestFollowupQuestions.test_generate_followup_questions_high_confidence": {"executed_lines": [158, 159, 161, 168], "summary": {"covered_lines": 4, "num_statements": 4, "percent_covered": 100.0, "percent_covered_display": "100", "missing_lines": 0, "excluded_lines": 0}, "missing_lines": [], "excluded_lines": []}, "TestFollowupQuestions.test_generate_followup_questions_max_two": {"executed_lines": [172, 173, 175, 182], "summary": {"covered_lines": 4, "num_statements": 4, "percent_covered": 100.0, "percent_covered_display": "100", "missing_lines": 0, "excluded_lines": 0}, "missing_lines": [], "excluded_lines": []}, "TestFollowupQuestions.test_generate_followup_questions_clarification": {"executed_lines": [186, 187, 189, 196, 197], "summary": {"covered_lines": 5, "num_statements": 5, "percent_covered": 100.0, "percent_covered_display": "100", "missing_lines": 0, "excluded_lines": 0}, "missing_lines": [], "excluded_lines": []}, "TestFollowupQuestions.test_identify_simple_symptom_by_synonym": {"executed_lines": [201, 203, 208, 210, 212, 213], "summary": {"covered_lines": 6, "num_statements": 6, "percent_covered": 100.0, "percent_covered_display": "100", "missing_lines": 0, "excluded_lines": 0}, "missing_lines": [], "excluded_lines": []}, "TestFollowupQuestions.test_identify_simple_symptom_by_keyword": {"executed_lines": [217, 219, 223, 225, 227, 228], "summary": {"covered_lines": 6, "num_statements": 6, "percent_covered": 100.0, "percent_covered_display": "100", "missing_lines": 0, "excluded_lines": 0}, "missing_lines": [], "excluded_lines": []}, "TestFollowupQuestions.test_identify_simple_symptom_default": {"executed_lines": [232, 234, 236, 237], "summary": {"covered_lines": 4, "num_statements": 4, "percent_covered": 100.0, "percent_covered_display": "100", "missing_lines": 0, "excluded_lines": 0}, "missing_lines": [], "excluded_lines": []}, "TestFollowupQuestions.test_get_followup_needs_high_confidence": {"executed_lines": [241, 244, 249, 251, 259, 260, 261, 262, 264], "summary": {"covered_lines": 9, "num_statements": 9, "percent_covered": 100.0, "percent_covered_display": "100", "missing_lines": 0, "excluded_lines": 0}, "missing_lines": [], "excluded_lines": []}, "TestFollowupQuestions.test_get_followup_needs_low_confidence": {"executed_lines": [268, 270, 274, 276, 284, 285, 286], "summary": {"covered_lines": 7, "num_statements": 7, "percent_covered": 100.0, "percent_covered_display": "100", "missing_lines": 0, "excluded_lines": 0}, "missing_lines": [], "excluded_lines": []}, "TestFollowupQuestions.test_get_followup_needs_missing_info": {"executed_lines": [290, 292, 297, 299, 307], "summary": {"covered_lines": 5, "num_statements": 5, "percent_covered": 100.0, "percent_covered_display": "100", "missing_lines": 0, "excluded_lines": 0}, "missing_lines": [], "excluded_lines": []}, "TestFollowupQuestions.test_get_followup_needs_error_handling": {"executed_lines": [312, 321, 322, 323], "summary": {"covered_lines": 4, "num_statements": 4, "percent_covered": 100.0, "percent_covered_display": "100", "missing_lines": 0, "excluded_lines": 0}, "missing_lines": [], "excluded_lines": []}, "": {"executed_lines": [1, 5, 6, 12, 13, 16, 17, 19, 39, 57, 72, 87, 102, 121, 140, 156, 170, 184, 199, 215, 230, 239, 266, 288, 309], "summary": {"covered_lines": 23, "num_statements": 23, "percent_covered": 100.0, "percent_covered_display": "100", "missing_lines": 0, "excluded_lines": 0}, "missing_lines": [], "excluded_lines": []}}, "classes": {"TestFollowupQuestions": {"executed_lines": [21, 27, 36, 37, 41, 46, 54, 55, 59, 61, 69, 70, 74, 76, 84, 85, 89, 91, 100, 104, 110, 119, 123, 129, 137, 138, 142, 143, 145, 152, 154, 158, 159, 161, 168, 172, 173, 175, 182, 186, 187, 189, 196, 197, 201, 203, 208, 210, 212, 213, 217, 219, 223, 225, 227, 228, 232, 234, 236, 237, 241, 244, 249, 251, 259, 260, 261, 262, 264, 268, 270, 274, 276, 284, 285, 286, 290, 292, 297, 299, 307, 312, 321, 322, 323], "summary": {"covered_lines": 85, "num_statements": 85, "percent_covered": 100.0, "percent_covered_display": "100", "missing_lines": 0, "excluded_lines": 0}, "missing_lines": [], "excluded_lines": []}, "": {"executed_lines": [1, 5, 6, 12, 13, 16, 17, 19, 39, 57, 72, 87, 102, 121, 140, 156, 170, 184, 199, 215, 230, 239, 266, 288, 309], "summary": {"covered_lines": 23, "num_statements": 23, "percent_covered": 100.0, "percent_covered_display": "100", "missing_lines": 0, "excluded_lines": 0}, "missing_lines": [], "excluded_lines": []}}}, "backend/tests/unit/services/test_simple_ski_tips.py": {"executed_lines": [1, 5, 6, 15, 20, 21, 22, 25, 26, 28, 30, 33, 38, 41, 43, 44, 46, 48, 50, 54, 56, 58, 59, 61, 63, 65, 67, 68, 70, 73, 79, 86, 89, 91, 92, 94, 96, 101, 107, 109, 111, 112, 114, 116, 122, 125, 128, 130, 132, 138, 145, 147, 150, 152, 154, 160, 167, 169, 171, 173, 175, 188, 190, 191, 192, 193, 194, 196, 198, 204, 206, 207, 208, 209, 211, 213, 216, 221, 223, 225, 226, 228, 230, 233, 238, 240, 243, 245, 247, 248, 249, 252, 257, 260, 266, 269, 274, 277, 279, 280, 282, 284, 287, 292, 295, 298, 300, 302, 303, 304, 307, 308, 310, 311, 313, 318, 321, 329, 330, 331, 332], "summary": {"covered_lines": 119, "num_statements": 119, "percent_covered": 100.0, "percent_covered_display": "100", "missing_lines": 0, "excluded_lines": 0}, "missing_lines": [], "excluded_lines": [], "functions": {"TestSimpleSkiTips.test_identify_symptom_by_synonym": {"executed_lines": [30, 33, 38, 41, 43, 44], "summary": {"covered_lines": 6, "num_statements": 6, "percent_covered": 100.0, "percent_covered_display": "100", "missing_lines": 0, "excluded_lines": 0}, "missing_lines": [], "excluded_lines": []}, "TestSimpleSkiTips.test_identify_symptom_by_keyword": {"executed_lines": [48, 50, 54, 56, 58, 59], "summary": {"covered_lines": 6, "num_statements": 6, "percent_covered": 100.0, "percent_covered_display": "100", "missing_lines": 0, "excluded_lines": 0}, "missing_lines": [], "excluded_lines": []}, "TestSimpleSkiTips.test_identify_symptom_default": {"executed_lines": [63, 65, 67, 68], "summary": {"covered_lines": 4, "num_statements": 4, "percent_covered": 100.0, "percent_covered_display": "100", "missing_lines": 0, "excluded_lines": 0}, "missing_lines": [], "excluded_lines": []}, "TestSimpleSkiTips.test_filter_cards_by_level": {"executed_lines": [73, 79, 86, 89, 91, 92], "summary": {"covered_lines": 6, "num_statements": 6, "percent_covered": 100.0, "percent_covered_display": "100", "missing_lines": 0, "excluded_lines": 0}, "missing_lines": [], "excluded_lines": []}, "TestSimpleSkiTips.test_filter_cards_by_terrain": {"executed_lines": [96, 101, 107, 109, 111, 112], "summary": {"covered_lines": 6, "num_statements": 6, "percent_covered": 100.0, "percent_covered_display": "100", "missing_lines": 0, "excluded_lines": 0}, "missing_lines": [], "excluded_lines": []}, "TestSimpleSkiTips.test_filter_cards_fallback_when_empty": {"executed_lines": [116, 122, 125, 128], "summary": {"covered_lines": 4, "num_statements": 4, "percent_covered": 100.0, "percent_covered_display": "100", "missing_lines": 0, "excluded_lines": 0}, "missing_lines": [], "excluded_lines": []}, "TestSimpleSkiTips.test_rank_cards_by_level_match": {"executed_lines": [132, 138, 145, 147, 150], "summary": {"covered_lines": 5, "num_statements": 5, "percent_covered": 100.0, "percent_covered_display": "100", "missing_lines": 0, "excluded_lines": 0}, "missing_lines": [], "excluded_lines": []}, "TestSimpleSkiTips.test_rank_cards_by_terrain_match": {"executed_lines": [154, 160, 167, 169, 171], "summary": {"covered_lines": 5, "num_statements": 5, "percent_covered": 100.0, "percent_covered_display": "100", "missing_lines": 0, "excluded_lines": 0}, "missing_lines": [], "excluded_lines": []}, "TestSimpleSkiTips.test_card_to_dict": {"executed_lines": [175, 188, 190, 191, 192, 193, 194], "summary": {"covered_lines": 7, "num_statements": 7, "percent_covered": 100.0, "percent_covered_display": "100", "missing_lines": 0, "excluded_lines": 0}, "missing_lines": [], "excluded_lines": []}, "TestSimpleSkiTips.test_card_to_dict_with_none_fields": {"executed_lines": [198, 204, 206, 207, 208, 209], "summary": {"covered_lines": 6, "num_statements": 6, "percent_covered": 100.0, "percent_covered_display": "100", "missing_lines": 0, "excluded_lines": 0}, "missing_lines": [], "excluded_lines": []}, "TestSimpleSkiTips.test_get_default_tips": {"executed_lines": [213, 216, 221, 223, 225, 226], "summary": {"covered_lines": 6, "num_statements": 6, "percent_covered": 100.0, "percent_covered_display": "100", "missing_lines": 0, "excluded_lines": 0}, "missing_lines": [], "excluded_lines": []}, "TestSimpleSkiTips.test_get_default_tips_fallback": {"executed_lines": [230, 233, 238, 240, 243], "summary": {"covered_lines": 5, "num_statements": 5, "percent_covered": 100.0, "percent_covered_display": "100", "missing_lines": 0, "excluded_lines": 0}, "missing_lines": [], "excluded_lines": []}, "TestSimpleSkiTips.test_get_ski_tips_success": {"executed_lines": [247, 248, 249, 252, 257, 260, 266, 269, 274, 277, 279, 280], "summary": {"covered_lines": 12, "num_statements": 12, "percent_covered": 100.0, "percent_covered_display": "100", "missing_lines": 0, "excluded_lines": 0}, "missing_lines": [], "excluded_lines": []}, "TestSimpleSkiTips.test_get_ski_tips_error_fallback": {"executed_lines": [284, 287, 292, 295, 298], "summary": {"covered_lines": 5, "num_statements": 5, "percent_covered": 100.0, "percent_covered_display": "100", "missing_lines": 0, "excluded_lines": 0}, "missing_lines": [], "excluded_lines": []}, "TestSimpleSkiTips.test_process_ski_tips_request": {"executed_lines": [302, 303, 304, 307, 308, 310, 311, 313, 318, 321, 329, 330, 331, 332], "summary": {"covered_lines": 14, "num_statements": 14, "percent_covered": 100.0, "percent_covered_display": "100", "missing_lines": 0, "excluded_lines": 0}, "missing_lines": [], "excluded_lines": []}, "": {"executed_lines": [1, 5, 6, 15, 20, 21, 22, 25, 26, 28, 46, 61, 70, 94, 114, 130, 152, 173, 196, 211, 228, 245, 282, 300], "summary": {"covered_lines": 22, "num_statements": 22, "percent_covered": 100.0, "percent_covered_display": "100", "missing_lines": 0, "excluded_lines": 0}, "missing_lines": [], "excluded_lines": []}}, "classes": {"TestSimpleSkiTips": {"executed_lines": [30, 33, 38, 41, 43, 44, 48, 50, 54, 56, 58, 59, 63, 65, 67, 68, 73, 79, 86, 89, 91, 92, 96, 101, 107, 109, 111, 112, 116, 122, 125, 128, 132, 138, 145, 147, 150, 154, 160, 167, 169, 171, 175, 188, 190, 191, 192, 193, 194, 198, 204, 206, 207, 208, 209, 213, 216, 221, 223, 225, 226, 230, 233, 238, 240, 243, 247, 248, 249, 252, 257, 260, 266, 269, 274, 277, 279, 280, 284, 287, 292, 295, 298, 302, 303, 304, 307, 308, 310, 311, 313, 318, 321, 329, 330, 331, 332], "summary": {"covered_lines": 97, "num_statements": 97, "percent_covered": 100.0, "percent_covered_display": "100", "missing_lines": 0, "excluded_lines": 0}, "missing_lines": [], "excluded_lines": []}, "": {"executed_lines": [1, 5, 6, 15, 20, 21, 22, 25, 26, 28, 46, 61, 70, 94, 114, 130, 152, 173, 196, 211, 228, 245, 282, 300], "summary": {"covered_lines": 22, "num_statements": 22, "percent_covered": 100.0, "percent_covered_display": "100", "missing_lines": 0, "excluded_lines": 0}, "missing_lines": [], "excluded_lines": []}}}}, "totals": {"covered_lines": 1437, "num_statements": 1960, "percent_covered": 73.31632653061224, "percent_covered_display": "73", "missing_lines": 523, "excluded_lines": 0}}